<?xml version="1.0" encoding="UTF-8"?>
<robot generator="Robot 3.2.1 (Python 3.8.3 on win32)" generated="20200718 22:26:44.247" rpa="false">
<suite id="s1" name="Login" source="C:\qaninja\RoboWeek\mobile\tests\login.robot">
<test id="s1-t1" name="Acessar o cardapio">
<kw name="Open Session" library="base" type="setup">
<kw name="Open Application" library="AppiumLibrary">
<doc>Opens a new application to given Appium server.
Capabilities of appium server, Android and iOS,
Please check https://github.com/appium/appium/blob/master/docs/en/writing-running-appium/server-args.md
| *Option*            | *Man.* | *Description*     |
| remote_url          | Yes    | Appium server url |
| alias               | no     | alias             |</doc>
<arguments>
<arg>http://localhost:4723/wd/hub</arg>
<arg>automationName=UiAutomator2</arg>
<arg>platformName=Android</arg>
<arg>deviceName=RoboWeekDevice</arg>
<arg>app=${EXECDIR}/app/ninjachef.apk</arg>
<arg>udid=emulator-5554</arg>
<arg>adbExecTimeout=60000</arg>
</arguments>
<status status="PASS" starttime="20200718 22:26:45.338" endtime="20200718 22:27:21.278"></status>
</kw>
<status status="PASS" starttime="20200718 22:26:45.338" endtime="20200718 22:27:21.279"></status>
</kw>
<kw name="Dado que estou com fome e quero comer &quot;Massas&quot;">
<kw name="Set Test Variable" library="BuiltIn">
<doc>Makes a variable available everywhere within the scope of the current test.</doc>
<arguments>
<arg>${prato}</arg>
</arguments>
<msg timestamp="20200718 22:27:21.307" level="INFO">${prato} = Massas</msg>
<status status="PASS" starttime="20200718 22:27:21.307" endtime="20200718 22:27:21.307"></status>
</kw>
<status status="PASS" starttime="20200718 22:27:21.306" endtime="20200718 22:27:21.308"></status>
</kw>
<kw name="Quando submeto o meu email &quot;teste@roboweek.com&quot;">
<kw name="Wait Until Page Contains" library="AppiumLibrary">
<doc>Waits until `text` appears on current page.</doc>
<arguments>
<arg>Buscar Prato</arg>
<arg>10</arg>
</arguments>
<status status="PASS" starttime="20200718 22:27:21.319" endtime="20200718 22:27:29.208"></status>
</kw>
<kw name="Input Text" library="AppiumLibrary">
<doc>Types the given `text` into text field identified by `locator`.</doc>
<arguments>
<arg>accessibility_id=emailInput</arg>
<arg>${email}</arg>
</arguments>
<msg timestamp="20200718 22:27:29.211" level="INFO">Typing text 'teste@roboweek.com' into text field 'accessibility_id=emailInput'</msg>
<status status="PASS" starttime="20200718 22:27:29.208" endtime="20200718 22:27:29.504"></status>
</kw>
<kw name="Input Text" library="AppiumLibrary">
<doc>Types the given `text` into text field identified by `locator`.</doc>
<arguments>
<arg>accessibility_id=plateInput</arg>
<arg>${prato}</arg>
</arguments>
<msg timestamp="20200718 22:27:29.508" level="INFO">Typing text 'Massas' into text field 'accessibility_id=plateInput'</msg>
<status status="PASS" starttime="20200718 22:27:29.504" endtime="20200718 22:27:30.565"></status>
</kw>
<kw name="Click Text" library="AppiumLibrary">
<doc>Click text identified by ``text``.</doc>
<arguments>
<arg>Buscar Prato</arg>
</arguments>
<status status="PASS" starttime="20200718 22:27:30.565" endtime="20200718 22:27:31.146"></status>
</kw>
<status status="PASS" starttime="20200718 22:27:21.318" endtime="20200718 22:27:31.147"></status>
</kw>
<kw name="Entao deve a lista de pratos por tipo">
<kw name="Wait Until Page Contains" library="AppiumLibrary">
<doc>Waits until `text` appears on current page.</doc>
<arguments>
<arg>Fome de ${prato}</arg>
</arguments>
<status status="PASS" starttime="20200718 22:27:31.148" endtime="20200718 22:27:34.070"></status>
</kw>
<status status="PASS" starttime="20200718 22:27:31.147" endtime="20200718 22:27:34.071"></status>
</kw>
<kw name="Close Session" library="base" type="teardown">
<kw name="Capture Page Screenshot" library="AppiumLibrary">
<doc>Takes a screenshot of the current page and embeds it into the log.</doc>
<msg timestamp="20200718 22:27:35.588" level="INFO" html="yes">&lt;/td&gt;&lt;/tr&gt;&lt;tr&gt;&lt;td colspan="3"&gt;&lt;a href="appium-screenshot-1.png"&gt;&lt;img src="appium-screenshot-1.png" width="800px"&gt;&lt;/a&gt;</msg>
<status status="PASS" starttime="20200718 22:27:34.073" endtime="20200718 22:27:35.588"></status>
</kw>
<kw name="Close Application" library="AppiumLibrary">
<doc>Closes the current application and also close webdriver session.</doc>
<status status="PASS" starttime="20200718 22:27:35.589" endtime="20200718 22:27:38.596"></status>
</kw>
<status status="PASS" starttime="20200718 22:27:34.072" endtime="20200718 22:27:38.597"></status>
</kw>
<status status="PASS" starttime="20200718 22:26:45.337" endtime="20200718 22:27:38.600" critical="yes"></status>
</test>
<doc>Testes de Login no App NinjaChef</doc>
<status status="PASS" starttime="20200718 22:26:44.252" endtime="20200718 22:27:38.606"></status>
</suite>
<statistics>
<total>
<stat pass="1" fail="0">Critical Tests</stat>
<stat pass="1" fail="0">All Tests</stat>
</total>
<tag>
</tag>
<suite>
<stat pass="1" fail="0" id="s1" name="Login">Login</stat>
</suite>
</statistics>
<errors>
</errors>
</robot>
