<?xml version="1.0" encoding="UTF-8"?>
<robot generator="Robot 3.2.1 (Python 3.8.3 on win32)" generated="20200711 22:37:18.582" rpa="false">
<suite id="s1" name="Tests" source="c:\qaninja\RoboWeek\tests">
<suite id="s1-s1" name="Cadastro-Usuario" source="c:\qaninja\RoboWeek\tests\cadastro-usuario.robot">
<test id="s1-s1-t1" name="Cadastro Simples">
<kw name="Open Session" library="base" type="setup">
<kw name="Open Browser" library="SeleniumLibrary">
<doc>Opens a new browser instance to the optional ``url``.</doc>
<arguments>
<arg>about:blank</arg>
<arg>chrome</arg>
</arguments>
<msg timestamp="20200711 22:37:19.497" level="INFO">Opening browser 'chrome' to base url 'about:blank'.</msg>
<status status="PASS" starttime="20200711 22:37:19.496" endtime="20200711 22:37:24.983"></status>
</kw>
<status status="PASS" starttime="20200711 22:37:19.496" endtime="20200711 22:37:24.983"></status>
</kw>
<kw name="Dado que acesso a pagina principal" library="kws">
<kw name="Go To" library="SeleniumLibrary">
<doc>Navigates the current browser window to the provided ``url``.</doc>
<arguments>
<arg>${base_url}</arg>
</arguments>
<msg timestamp="20200711 22:37:24.985" level="INFO">Opening url 'http://ninjachef-qaninja-io.umbler.net/'</msg>
<status status="PASS" starttime="20200711 22:37:24.985" endtime="20200711 22:37:28.182"></status>
</kw>
<status status="PASS" starttime="20200711 22:37:24.984" endtime="20200711 22:37:28.183"></status>
</kw>
<kw name="Quando submeto o meu email &quot;fulano@gmail.com&quot;" library="kws">
<kw name="Input Text" library="SeleniumLibrary">
<doc>Types the given ``text`` into the text field identified by ``locator``.</doc>
<arguments>
<arg>${CAMPO_EMAIL}</arg>
<arg>${email}</arg>
</arguments>
<msg timestamp="20200711 22:37:28.186" level="INFO">Typing text 'fulano@gmail.com' into text field 'id:email'.</msg>
<status status="PASS" starttime="20200711 22:37:28.185" endtime="20200711 22:37:28.486"></status>
</kw>
<kw name="Click Element" library="SeleniumLibrary">
<doc>Click the element identified by ``locator``.</doc>
<arguments>
<arg>${BOTAO_ENTRAR}</arg>
</arguments>
<msg timestamp="20200711 22:37:28.487" level="INFO">Clicking element 'css:button[type=submit]'.</msg>
<status status="PASS" starttime="20200711 22:37:28.486" endtime="20200711 22:37:28.693"></status>
</kw>
<status status="PASS" starttime="20200711 22:37:28.185" endtime="20200711 22:37:28.694"></status>
</kw>
<kw name="Entao devo ser autenticado" library="kws">
<kw name="Wait Until Page Contains Element" library="SeleniumLibrary">
<doc>Waits until the element ``locator`` appears on the current page.</doc>
<arguments>
<arg>${DIV_DASH}</arg>
</arguments>
<status status="PASS" starttime="20200711 22:37:28.695" endtime="20200711 22:37:29.614"></status>
</kw>
<status status="PASS" starttime="20200711 22:37:28.695" endtime="20200711 22:37:29.615"></status>
</kw>
<kw name="Close Session" library="base" type="teardown">
<kw name="Capture Page Screenshot" library="SeleniumLibrary">
<doc>Takes a screenshot of the current page and embeds it into a log file.</doc>
<msg timestamp="20200711 22:37:30.879" level="INFO" html="yes">&lt;/td&gt;&lt;/tr&gt;&lt;tr&gt;&lt;td colspan="3"&gt;&lt;a href="selenium-screenshot-2.png"&gt;&lt;img src="selenium-screenshot-2.png" width="800px"&gt;&lt;/a&gt;</msg>
<status status="PASS" starttime="20200711 22:37:29.617" endtime="20200711 22:37:30.879"></status>
</kw>
<kw name="Close Browser" library="SeleniumLibrary">
<doc>Closes the current browser.</doc>
<status status="PASS" starttime="20200711 22:37:30.880" endtime="20200711 22:37:34.762"></status>
</kw>
<status status="PASS" starttime="20200711 22:37:29.617" endtime="20200711 22:37:34.763"></status>
</kw>
<status status="PASS" starttime="20200711 22:37:19.494" endtime="20200711 22:37:34.763" critical="yes"></status>
</test>
<test id="s1-s1-t2" name="Email incorreto">
<kw name="Open Session" library="base" type="setup">
<kw name="Open Browser" library="SeleniumLibrary">
<doc>Opens a new browser instance to the optional ``url``.</doc>
<arguments>
<arg>about:blank</arg>
<arg>chrome</arg>
</arguments>
<msg timestamp="20200711 22:37:34.768" level="INFO">Opening browser 'chrome' to base url 'about:blank'.</msg>
<status status="PASS" starttime="20200711 22:37:34.768" endtime="20200711 22:37:41.650"></status>
</kw>
<status status="PASS" starttime="20200711 22:37:34.767" endtime="20200711 22:37:41.650"></status>
</kw>
<kw name="Dado que acesso a pagina principal" library="kws">
<kw name="Go To" library="SeleniumLibrary">
<doc>Navigates the current browser window to the provided ``url``.</doc>
<arguments>
<arg>${base_url}</arg>
</arguments>
<msg timestamp="20200711 22:37:41.658" level="INFO">Opening url 'http://ninjachef-qaninja-io.umbler.net/'</msg>
<status status="PASS" starttime="20200711 22:37:41.657" endtime="20200711 22:37:45.951"></status>
</kw>
<status status="PASS" starttime="20200711 22:37:41.656" endtime="20200711 22:37:45.952"></status>
</kw>
<kw name="Quando submeto o meu email &quot;fulano$hotmail.com&quot;" library="kws">
<kw name="Input Text" library="SeleniumLibrary">
<doc>Types the given ``text`` into the text field identified by ``locator``.</doc>
<arguments>
<arg>${CAMPO_EMAIL}</arg>
<arg>${email}</arg>
</arguments>
<msg timestamp="20200711 22:37:45.959" level="INFO">Typing text 'fulano$hotmail.com' into text field 'id:email'.</msg>
<status status="PASS" starttime="20200711 22:37:45.958" endtime="20200711 22:37:46.290"></status>
</kw>
<kw name="Click Element" library="SeleniumLibrary">
<doc>Click the element identified by ``locator``.</doc>
<arguments>
<arg>${BOTAO_ENTRAR}</arg>
</arguments>
<msg timestamp="20200711 22:37:46.291" level="INFO">Clicking element 'css:button[type=submit]'.</msg>
<status status="PASS" starttime="20200711 22:37:46.291" endtime="20200711 22:37:46.366"></status>
</kw>
<status status="PASS" starttime="20200711 22:37:45.957" endtime="20200711 22:37:46.366"></status>
</kw>
<kw name="Entao devo ver a mensagem &quot;Oops. Informe um email válido!&quot;" library="kws">
<kw name="Wait Until Element Contains" library="SeleniumLibrary">
<doc>Waits until the element ``locator`` contains ``text``.</doc>
<arguments>
<arg>${DIV_ALERT}</arg>
<arg>${expect_message}</arg>
</arguments>
<status status="PASS" starttime="20200711 22:37:46.369" endtime="20200711 22:37:46.403"></status>
</kw>
<status status="PASS" starttime="20200711 22:37:46.368" endtime="20200711 22:37:46.403"></status>
</kw>
<kw name="Close Session" library="base" type="teardown">
<kw name="Capture Page Screenshot" library="SeleniumLibrary">
<doc>Takes a screenshot of the current page and embeds it into a log file.</doc>
<msg timestamp="20200711 22:37:46.925" level="INFO" html="yes">&lt;/td&gt;&lt;/tr&gt;&lt;tr&gt;&lt;td colspan="3"&gt;&lt;a href="selenium-screenshot-3.png"&gt;&lt;img src="selenium-screenshot-3.png" width="800px"&gt;&lt;/a&gt;</msg>
<status status="PASS" starttime="20200711 22:37:46.406" endtime="20200711 22:37:46.925"></status>
</kw>
<kw name="Close Browser" library="SeleniumLibrary">
<doc>Closes the current browser.</doc>
<status status="PASS" starttime="20200711 22:37:46.925" endtime="20200711 22:37:49.773"></status>
</kw>
<status status="PASS" starttime="20200711 22:37:46.405" endtime="20200711 22:37:49.773"></status>
</kw>
<status status="PASS" starttime="20200711 22:37:34.766" endtime="20200711 22:37:49.789" critical="yes"></status>
</test>
<test id="s1-s1-t3" name="Email não informado">
<kw name="Open Session" library="base" type="setup">
<kw name="Open Browser" library="SeleniumLibrary">
<doc>Opens a new browser instance to the optional ``url``.</doc>
<arguments>
<arg>about:blank</arg>
<arg>chrome</arg>
</arguments>
<msg timestamp="20200711 22:37:49.795" level="INFO">Opening browser 'chrome' to base url 'about:blank'.</msg>
<status status="PASS" starttime="20200711 22:37:49.795" endtime="20200711 22:37:55.130"></status>
</kw>
<status status="PASS" starttime="20200711 22:37:49.795" endtime="20200711 22:37:55.130"></status>
</kw>
<kw name="Dado que acesso a pagina principal" library="kws">
<kw name="Go To" library="SeleniumLibrary">
<doc>Navigates the current browser window to the provided ``url``.</doc>
<arguments>
<arg>${base_url}</arg>
</arguments>
<msg timestamp="20200711 22:37:55.133" level="INFO">Opening url 'http://ninjachef-qaninja-io.umbler.net/'</msg>
<status status="PASS" starttime="20200711 22:37:55.132" endtime="20200711 22:37:58.597"></status>
</kw>
<status status="PASS" starttime="20200711 22:37:55.131" endtime="20200711 22:37:58.598"></status>
</kw>
<kw name="Quando submeto o meu email &quot;${EMPTY}&quot;" library="kws">
<kw name="Input Text" library="SeleniumLibrary">
<doc>Types the given ``text`` into the text field identified by ``locator``.</doc>
<arguments>
<arg>${CAMPO_EMAIL}</arg>
<arg>${email}</arg>
</arguments>
<msg timestamp="20200711 22:37:58.600" level="INFO">Typing text '' into text field 'id:email'.</msg>
<status status="PASS" starttime="20200711 22:37:58.599" endtime="20200711 22:37:58.739"></status>
</kw>
<kw name="Click Element" library="SeleniumLibrary">
<doc>Click the element identified by ``locator``.</doc>
<arguments>
<arg>${BOTAO_ENTRAR}</arg>
</arguments>
<msg timestamp="20200711 22:37:58.740" level="INFO">Clicking element 'css:button[type=submit]'.</msg>
<status status="PASS" starttime="20200711 22:37:58.739" endtime="20200711 22:37:58.828"></status>
</kw>
<status status="PASS" starttime="20200711 22:37:58.599" endtime="20200711 22:37:58.828"></status>
</kw>
<kw name="Entao devo ver a mensagem &quot;Oops. Informe um email válido!&quot;" library="kws">
<kw name="Wait Until Element Contains" library="SeleniumLibrary">
<doc>Waits until the element ``locator`` contains ``text``.</doc>
<arguments>
<arg>${DIV_ALERT}</arg>
<arg>${expect_message}</arg>
</arguments>
<status status="PASS" starttime="20200711 22:37:58.829" endtime="20200711 22:37:58.877"></status>
</kw>
<status status="PASS" starttime="20200711 22:37:58.829" endtime="20200711 22:37:58.877"></status>
</kw>
<kw name="Close Session" library="base" type="teardown">
<kw name="Capture Page Screenshot" library="SeleniumLibrary">
<doc>Takes a screenshot of the current page and embeds it into a log file.</doc>
<msg timestamp="20200711 22:37:59.335" level="INFO" html="yes">&lt;/td&gt;&lt;/tr&gt;&lt;tr&gt;&lt;td colspan="3"&gt;&lt;a href="selenium-screenshot-4.png"&gt;&lt;img src="selenium-screenshot-4.png" width="800px"&gt;&lt;/a&gt;</msg>
<status status="PASS" starttime="20200711 22:37:58.879" endtime="20200711 22:37:59.335"></status>
</kw>
<kw name="Close Browser" library="SeleniumLibrary">
<doc>Closes the current browser.</doc>
<status status="PASS" starttime="20200711 22:37:59.336" endtime="20200711 22:38:01.944"></status>
</kw>
<status status="PASS" starttime="20200711 22:37:58.878" endtime="20200711 22:38:01.945"></status>
</kw>
<status status="PASS" starttime="20200711 22:37:49.794" endtime="20200711 22:38:01.945" critical="yes"></status>
</test>
<doc>Suite dos Testes de cadastros</doc>
<status status="PASS" starttime="20200711 22:37:18.769" endtime="20200711 22:38:01.948"></status>
</suite>
<suite id="s1-s2" name="Produto" source="c:\qaninja\RoboWeek\tests\produto.robot">
<test id="s1-s2-t1" name="Novo Prato">
<kw name="Login Session" library="helpers" type="setup">
<arguments>
<arg>fulano@email.com</arg>
</arguments>
<kw name="Open Session" library="base">
<kw name="Open Browser" library="SeleniumLibrary">
<doc>Opens a new browser instance to the optional ``url``.</doc>
<arguments>
<arg>about:blank</arg>
<arg>chrome</arg>
</arguments>
<msg timestamp="20200711 22:38:01.972" level="INFO">Opening browser 'chrome' to base url 'about:blank'.</msg>
<status status="PASS" starttime="20200711 22:38:01.972" endtime="20200711 22:38:07.280"></status>
</kw>
<status status="PASS" starttime="20200711 22:38:01.971" endtime="20200711 22:38:07.280"></status>
</kw>
<kw name="Go To" library="SeleniumLibrary">
<doc>Navigates the current browser window to the provided ``url``.</doc>
<arguments>
<arg>${base_url}</arg>
</arguments>
<msg timestamp="20200711 22:38:07.280" level="INFO">Opening url 'http://ninjachef-qaninja-io.umbler.net/'</msg>
<status status="PASS" starttime="20200711 22:38:07.280" endtime="20200711 22:38:09.752"></status>
</kw>
<kw name="Input Text" library="SeleniumLibrary">
<doc>Types the given ``text`` into the text field identified by ``locator``.</doc>
<arguments>
<arg>${CAMPO_EMAIL}</arg>
<arg>${email}</arg>
</arguments>
<msg timestamp="20200711 22:38:09.753" level="INFO">Typing text 'fulano@email.com' into text field 'id:email'.</msg>
<status status="PASS" starttime="20200711 22:38:09.753" endtime="20200711 22:38:10.697"></status>
</kw>
<kw name="Click Element" library="SeleniumLibrary">
<doc>Click the element identified by ``locator``.</doc>
<arguments>
<arg>${BOTAO_ENTRAR}</arg>
</arguments>
<msg timestamp="20200711 22:38:10.698" level="INFO">Clicking element 'css:button[type=submit]'.</msg>
<status status="PASS" starttime="20200711 22:38:10.697" endtime="20200711 22:38:15.811"></status>
</kw>
<kw name="Wait Until Page Contains Element" library="SeleniumLibrary">
<doc>Waits until the element ``locator`` appears on the current page.</doc>
<arguments>
<arg>${DIV_DASH}</arg>
</arguments>
<status status="PASS" starttime="20200711 22:38:15.811" endtime="20200711 22:38:16.559"></status>
</kw>
<status status="PASS" starttime="20200711 22:38:01.970" endtime="20200711 22:38:16.559"></status>
</kw>
<kw name="Dado que &quot;${pizza}&quot; é um dos meus pratos" library="kws">
<kw name="Set Test Variable" library="BuiltIn">
<doc>Makes a variable available everywhere within the scope of the current test.</doc>
<arguments>
<arg>${produto}</arg>
</arguments>
<msg timestamp="20200711 22:38:16.561" level="INFO">${produto} = {'img': 'pizza.jpg', 'nome': 'Pizza Frango ao Catupiry', 'tipo': 'Massas', 'preco': '20.00'}</msg>
<status status="PASS" starttime="20200711 22:38:16.561" endtime="20200711 22:38:16.561"></status>
</kw>
<status status="PASS" starttime="20200711 22:38:16.560" endtime="20200711 22:38:16.561"></status>
</kw>
<kw name="Quando faco o cadastro desse item" library="kws">
<kw name="Wait Until Element Is Visible" library="SeleniumLibrary">
<doc>Waits until the element ``locator`` is visible.</doc>
<arguments>
<arg>${BOTAO_ADD}</arg>
<arg>5</arg>
</arguments>
<status status="PASS" starttime="20200711 22:38:16.562" endtime="20200711 22:38:17.076"></status>
</kw>
<kw name="Click Element" library="SeleniumLibrary">
<doc>Click the element identified by ``locator``.</doc>
<arguments>
<arg>${BOTAO_ADD}</arg>
</arguments>
<msg timestamp="20200711 22:38:17.077" level="INFO">Clicking element 'class:btn-add'.</msg>
<status status="PASS" starttime="20200711 22:38:17.077" endtime="20200711 22:38:22.598"></status>
</kw>
<kw name="Choose File" library="SeleniumLibrary">
<doc>Inputs the ``file_path`` into the file input field ``locator``.</doc>
<arguments>
<arg>${IMAGEM}</arg>
<arg>${EXECDIR}/resources/images/${produto['img']}</arg>
</arguments>
<msg timestamp="20200711 22:38:22.599" level="INFO">Sending c:\qaninja\RoboWeek\resources\images\pizza.jpg to browser.</msg>
<status status="PASS" starttime="20200711 22:38:22.599" endtime="20200711 22:38:22.674"></status>
</kw>
<kw name="Input Text" library="SeleniumLibrary">
<doc>Types the given ``text`` into the text field identified by ``locator``.</doc>
<arguments>
<arg>${CAMPO_NOME}</arg>
<arg>${produto['nome']}</arg>
</arguments>
<msg timestamp="20200711 22:38:22.675" level="INFO">Typing text 'Pizza Frango ao Catupiry' into text field 'id:name'.</msg>
<status status="PASS" starttime="20200711 22:38:22.674" endtime="20200711 22:38:23.145"></status>
</kw>
<kw name="Input Text" library="SeleniumLibrary">
<doc>Types the given ``text`` into the text field identified by ``locator``.</doc>
<arguments>
<arg>${CAMPO_TIPO}</arg>
<arg>${produto['tipo']}</arg>
</arguments>
<msg timestamp="20200711 22:38:23.146" level="INFO">Typing text 'Massas' into text field 'id:plate'.</msg>
<status status="PASS" starttime="20200711 22:38:23.145" endtime="20200711 22:38:23.478"></status>
</kw>
<kw name="Input Text" library="SeleniumLibrary">
<doc>Types the given ``text`` into the text field identified by ``locator``.</doc>
<arguments>
<arg>${CAMPO_VALOR}</arg>
<arg>${produto['preco']}</arg>
</arguments>
<msg timestamp="20200711 22:38:23.479" level="INFO">Typing text '20.00' into text field 'id:price'.</msg>
<status status="PASS" starttime="20200711 22:38:23.478" endtime="20200711 22:38:23.642"></status>
</kw>
<kw name="Wait Until Page Contains Element" library="SeleniumLibrary">
<doc>Waits until the element ``locator`` appears on the current page.</doc>
<arguments>
<arg>${IMAGEM}</arg>
<arg>5</arg>
</arguments>
<status status="PASS" starttime="20200711 22:38:23.643" endtime="20200711 22:38:23.656"></status>
</kw>
<kw name="Click Element" library="SeleniumLibrary">
<doc>Click the element identified by ``locator``.</doc>
<arguments>
<arg>${BOTAO_CADASTRAR}</arg>
</arguments>
<msg timestamp="20200711 22:38:23.657" level="INFO">Clicking element 'class:btn-cadastrar'.</msg>
<status status="PASS" starttime="20200711 22:38:23.657" endtime="20200711 22:38:28.840"></status>
</kw>
<status status="PASS" starttime="20200711 22:38:16.562" endtime="20200711 22:38:28.841"></status>
</kw>
<kw name="Então devo ver este prato no meu dashboard" library="kws">
<kw name="Wait Until Element Contains" library="SeleniumLibrary">
<doc>Waits until the element ``locator`` contains ``text``.</doc>
<arguments>
<arg>${DIV_LISTA}</arg>
<arg>${produto['nome']}</arg>
</arguments>
<status status="PASS" starttime="20200711 22:38:28.842" endtime="20200711 22:38:30.789"></status>
</kw>
<status status="PASS" starttime="20200711 22:38:28.841" endtime="20200711 22:38:30.790"></status>
</kw>
<kw name="Close Session" library="base" type="teardown">
<kw name="Capture Page Screenshot" library="SeleniumLibrary">
<doc>Takes a screenshot of the current page and embeds it into a log file.</doc>
<msg timestamp="20200711 22:38:31.636" level="INFO" html="yes">&lt;/td&gt;&lt;/tr&gt;&lt;tr&gt;&lt;td colspan="3"&gt;&lt;a href="selenium-screenshot-5.png"&gt;&lt;img src="selenium-screenshot-5.png" width="800px"&gt;&lt;/a&gt;</msg>
<status status="PASS" starttime="20200711 22:38:30.791" endtime="20200711 22:38:31.636"></status>
</kw>
<kw name="Close Browser" library="SeleniumLibrary">
<doc>Closes the current browser.</doc>
<status status="PASS" starttime="20200711 22:38:31.637" endtime="20200711 22:38:34.506"></status>
</kw>
<status status="PASS" starttime="20200711 22:38:30.790" endtime="20200711 22:38:34.506"></status>
</kw>
<status status="PASS" starttime="20200711 22:38:01.969" endtime="20200711 22:38:34.508" critical="yes"></status>
</test>
<doc>Cadastro de Produtos/Pratos
Sendo um cozinheiro amador
Quero cadastrar meus melhores pratos
Para que eu possa cozinha-los para outras pessoas</doc>
<status status="PASS" starttime="20200711 22:38:01.954" endtime="20200711 22:38:34.514"></status>
</suite>
<status status="PASS" starttime="20200711 22:37:18.592" endtime="20200711 22:38:34.528"></status>
</suite>
<statistics>
<total>
<stat pass="4" fail="0">Critical Tests</stat>
<stat pass="4" fail="0">All Tests</stat>
</total>
<tag>
</tag>
<suite>
<stat pass="4" fail="0" id="s1" name="Tests">Tests</stat>
<stat pass="3" fail="0" id="s1-s1" name="Cadastro-Usuario">Tests.Cadastro-Usuario</stat>
<stat pass="1" fail="0" id="s1-s2" name="Produto">Tests.Produto</stat>
</suite>
</statistics>
<errors>
</errors>
</robot>
