<?xml version="1.0" encoding="UTF-8"?>
<robot generator="Robot 3.2.1 (Python 3.8.3 on win32)" generated="20200725 15:50:41.830" rpa="false">
<suite id="s1" name="Receber-Pedido" source="C:\qaninja\RoboWeek\web\tests\receber-pedido.robot">
<test id="s1-t1" name="Receber novo pedido">
<kw name="Open Session" library="base" type="setup">
<kw name="Open Browser" library="SeleniumLibrary">
<doc>Opens a new browser instance to the optional ``url``.</doc>
<arguments>
<arg>about:blank</arg>
<arg>chrome</arg>
</arguments>
<msg timestamp="20200725 15:50:46.559" level="INFO">Opening browser 'chrome' to base url 'about:blank'.</msg>
<status status="PASS" starttime="20200725 15:50:46.559" endtime="20200725 15:50:59.560"></status>
</kw>
<status status="PASS" starttime="20200725 15:50:46.558" endtime="20200725 15:50:59.561"></status>
</kw>
<kw name="Dado que &quot;fulano@bol.com.br&quot; é a minha conta de cozinheiro" library="kws">
<kw name="Set Test Variable" library="BuiltIn">
<doc>Makes a variable available everywhere within the scope of the current test.</doc>
<arguments>
<arg>${email_cozinheiro}</arg>
</arguments>
<msg timestamp="20200725 15:50:59.563" level="INFO">${email_cozinheiro} = fulano@bol.com.br</msg>
<status status="PASS" starttime="20200725 15:50:59.562" endtime="20200725 15:50:59.563"></status>
</kw>
<kw name="Get Api Login" library="helpers">
<arguments>
<arg>${email_cozinheiro}</arg>
</arguments>
<assign>
<var>${token_cozinheiro}</var>
</assign>
<kw name="Create Dictionary" library="BuiltIn">
<doc>Creates and returns a dictionary based on the given ``items``.</doc>
<arguments>
<arg>Content-Type=application/json</arg>
</arguments>
<assign>
<var>&amp;{headers}</var>
</assign>
<msg timestamp="20200725 15:50:59.564" level="INFO">&amp;{headers} = { Content-Type=application/json }</msg>
<status status="PASS" starttime="20200725 15:50:59.564" endtime="20200725 15:50:59.564"></status>
</kw>
<kw name="Create Dictionary" library="BuiltIn">
<doc>Creates and returns a dictionary based on the given ``items``.</doc>
<arguments>
<arg>email=${email_param}</arg>
</arguments>
<assign>
<var>&amp;{payload}</var>
</assign>
<msg timestamp="20200725 15:50:59.567" level="INFO">&amp;{payload} = { email=fulano@bol.com.br }</msg>
<status status="PASS" starttime="20200725 15:50:59.565" endtime="20200725 15:50:59.567"></status>
</kw>
<kw name="Create Session" library="RequestsLibrary">
<doc>Create Session: create a HTTP session to a server</doc>
<arguments>
<arg>api</arg>
<arg>${base_url_api}</arg>
</arguments>
<msg timestamp="20200725 15:50:59.568" level="INFO">Creating Session using : alias=api, url=http://ninjachef-api-qaninja-io.umbler.net, headers={},                     cookies={}, auth=None, timeout=None, proxies=None, verify=False,                     debug=0 </msg>
<status status="PASS" starttime="20200725 15:50:59.567" endtime="20200725 15:50:59.568"></status>
</kw>
<kw name="Post Request" library="RequestsLibrary">
<doc>Send a POST request on the session object found using the
given `alias`</doc>
<arguments>
<arg>api</arg>
<arg>/sessions</arg>
<arg>data=${payload}</arg>
<arg>headers=${headers}</arg>
</arguments>
<assign>
<var>${resp}</var>
</assign>
<msg timestamp="20200725 15:51:00.991" level="INFO">POST Request : url=http://ninjachef-api-qaninja-io.umbler.net/sessions 
 path_url=/sessions 
 headers={'User-Agent': 'python-requests/2.24.0', 'Accept-Encoding': 'gzip, deflate', 'Accept': '*/*', 'Connection': 'keep-alive', 'Content-Type': 'application/json', 'Content-Length': '30'} 
 body={"email": "fulano@bol.com.br"} 
 </msg>
<msg timestamp="20200725 15:51:00.991" level="INFO">POST Response : url=http://ninjachef-api-qaninja-io.umbler.net/sessions 
 status=200, reason=OK 
 body={"_id":"5f1b7c7942f1f60016038c10","email":"fulano@bol.com.br","__v":0} 
 </msg>
<msg timestamp="20200725 15:51:00.992" level="INFO">${resp} = &lt;Response [200]&gt;</msg>
<status status="PASS" starttime="20200725 15:50:59.568" endtime="20200725 15:51:00.992"></status>
</kw>
<kw name="Status Should Be" library="RequestsLibrary">
<doc>Fails if response status code is different than the expected.</doc>
<arguments>
<arg>200</arg>
<arg>${resp}</arg>
</arguments>
<status status="PASS" starttime="20200725 15:51:00.992" endtime="20200725 15:51:00.993"></status>
</kw>
<kw name="Convert To String" library="BuiltIn">
<doc>Converts the given item to a Unicode string.</doc>
<arguments>
<arg>${resp.json()['_id']}</arg>
</arguments>
<assign>
<var>${token}</var>
</assign>
<msg timestamp="20200725 15:51:00.996" level="INFO">${token} = 5f1b7c7942f1f60016038c10</msg>
<status status="PASS" starttime="20200725 15:51:00.993" endtime="20200725 15:51:00.996"></status>
</kw>
<msg timestamp="20200725 15:51:00.998" level="INFO">${token_cozinheiro} = 5f1b7c7942f1f60016038c10</msg>
<status status="PASS" starttime="20200725 15:50:59.563" endtime="20200725 15:51:00.998"></status>
</kw>
<kw name="Set Test Variable" library="BuiltIn">
<doc>Makes a variable available everywhere within the scope of the current test.</doc>
<arguments>
<arg>${token_cozinheiro}</arg>
</arguments>
<msg timestamp="20200725 15:51:01.001" level="INFO">${token_cozinheiro} = 5f1b7c7942f1f60016038c10</msg>
<status status="PASS" starttime="20200725 15:51:00.999" endtime="20200725 15:51:01.002"></status>
</kw>
<status status="PASS" starttime="20200725 15:50:59.562" endtime="20200725 15:51:01.002"></status>
</kw>
<kw name="E &quot;esfomeado@bol.com.br&quot; é o email do cliente" library="kws">
<kw name="Set Test Variable" library="BuiltIn">
<doc>Makes a variable available everywhere within the scope of the current test.</doc>
<arguments>
<arg>${email_cliente}</arg>
</arguments>
<msg timestamp="20200725 15:51:01.008" level="INFO">${email_cliente} = esfomeado@bol.com.br</msg>
<status status="PASS" starttime="20200725 15:51:01.006" endtime="20200725 15:51:01.008"></status>
</kw>
<kw name="Get Api Login" library="helpers">
<arguments>
<arg>${email_cliente}</arg>
</arguments>
<assign>
<var>${token_cliente}</var>
</assign>
<kw name="Create Dictionary" library="BuiltIn">
<doc>Creates and returns a dictionary based on the given ``items``.</doc>
<arguments>
<arg>Content-Type=application/json</arg>
</arguments>
<assign>
<var>&amp;{headers}</var>
</assign>
<msg timestamp="20200725 15:51:01.013" level="INFO">&amp;{headers} = { Content-Type=application/json }</msg>
<status status="PASS" starttime="20200725 15:51:01.011" endtime="20200725 15:51:01.013"></status>
</kw>
<kw name="Create Dictionary" library="BuiltIn">
<doc>Creates and returns a dictionary based on the given ``items``.</doc>
<arguments>
<arg>email=${email_param}</arg>
</arguments>
<assign>
<var>&amp;{payload}</var>
</assign>
<msg timestamp="20200725 15:51:01.015" level="INFO">&amp;{payload} = { email=esfomeado@bol.com.br }</msg>
<status status="PASS" starttime="20200725 15:51:01.013" endtime="20200725 15:51:01.015"></status>
</kw>
<kw name="Create Session" library="RequestsLibrary">
<doc>Create Session: create a HTTP session to a server</doc>
<arguments>
<arg>api</arg>
<arg>${base_url_api}</arg>
</arguments>
<msg timestamp="20200725 15:51:01.017" level="INFO">Creating Session using : alias=api, url=http://ninjachef-api-qaninja-io.umbler.net, headers={},                     cookies={}, auth=None, timeout=None, proxies=None, verify=False,                     debug=0 </msg>
<status status="PASS" starttime="20200725 15:51:01.016" endtime="20200725 15:51:01.018"></status>
</kw>
<kw name="Post Request" library="RequestsLibrary">
<doc>Send a POST request on the session object found using the
given `alias`</doc>
<arguments>
<arg>api</arg>
<arg>/sessions</arg>
<arg>data=${payload}</arg>
<arg>headers=${headers}</arg>
</arguments>
<assign>
<var>${resp}</var>
</assign>
<msg timestamp="20200725 15:51:01.332" level="INFO">POST Request : url=http://ninjachef-api-qaninja-io.umbler.net/sessions 
 path_url=/sessions 
 headers={'User-Agent': 'python-requests/2.24.0', 'Accept-Encoding': 'gzip, deflate', 'Accept': '*/*', 'Connection': 'keep-alive', 'Content-Type': 'application/json', 'Content-Length': '33'} 
 body={"email": "esfomeado@bol.com.br"} 
 </msg>
<msg timestamp="20200725 15:51:01.333" level="INFO">POST Response : url=http://ninjachef-api-qaninja-io.umbler.net/sessions 
 status=200, reason=OK 
 body={"_id":"5f1b7e4242f1f60016038c12","email":"esfomeado@bol.com.br","__v":0} 
 </msg>
<msg timestamp="20200725 15:51:01.333" level="INFO">${resp} = &lt;Response [200]&gt;</msg>
<status status="PASS" starttime="20200725 15:51:01.018" endtime="20200725 15:51:01.333"></status>
</kw>
<kw name="Status Should Be" library="RequestsLibrary">
<doc>Fails if response status code is different than the expected.</doc>
<arguments>
<arg>200</arg>
<arg>${resp}</arg>
</arguments>
<status status="PASS" starttime="20200725 15:51:01.334" endtime="20200725 15:51:01.335"></status>
</kw>
<kw name="Convert To String" library="BuiltIn">
<doc>Converts the given item to a Unicode string.</doc>
<arguments>
<arg>${resp.json()['_id']}</arg>
</arguments>
<assign>
<var>${token}</var>
</assign>
<msg timestamp="20200725 15:51:01.336" level="INFO">${token} = 5f1b7e4242f1f60016038c12</msg>
<status status="PASS" starttime="20200725 15:51:01.335" endtime="20200725 15:51:01.336"></status>
</kw>
<msg timestamp="20200725 15:51:01.337" level="INFO">${token_cliente} = 5f1b7e4242f1f60016038c12</msg>
<status status="PASS" starttime="20200725 15:51:01.008" endtime="20200725 15:51:01.337"></status>
</kw>
<kw name="Set Test Variable" library="BuiltIn">
<doc>Makes a variable available everywhere within the scope of the current test.</doc>
<arguments>
<arg>${token_cliente}</arg>
</arguments>
<msg timestamp="20200725 15:51:01.338" level="INFO">${token_cliente} = 5f1b7e4242f1f60016038c12</msg>
<status status="PASS" starttime="20200725 15:51:01.337" endtime="20200725 15:51:01.338"></status>
</kw>
<status status="PASS" starttime="20200725 15:51:01.005" endtime="20200725 15:51:01.339"></status>
</kw>
<kw name="E que &quot;Sopa&quot; está cadastrada no meu dashboard" library="kws">
<kw name="Set Test Variable" library="BuiltIn">
<doc>Makes a variable available everywhere within the scope of the current test.</doc>
<arguments>
<arg>${produto}</arg>
</arguments>
<msg timestamp="20200725 15:51:01.343" level="INFO">${produto} = Sopa</msg>
<status status="PASS" starttime="20200725 15:51:01.342" endtime="20200725 15:51:01.343"></status>
</kw>
<kw name="Create Dictionary" library="BuiltIn">
<doc>Creates and returns a dictionary based on the given ``items``.</doc>
<arguments>
<arg>name=${produto}</arg>
<arg>plate=Tipo</arg>
<arg>price=10.50</arg>
</arguments>
<assign>
<var>&amp;{payload}</var>
</assign>
<msg timestamp="20200725 15:51:01.345" level="INFO">&amp;{payload} = { name=Sopa | plate=Tipo | price=10.50 }</msg>
<status status="PASS" starttime="20200725 15:51:01.343" endtime="20200725 15:51:01.345"></status>
</kw>
<kw name="Get Binary File" library="OperatingSystem">
<doc>Returns the contents of a specified file.</doc>
<arguments>
<arg>${EXECDIR}/resources/images/sopa.jpg</arg>
</arguments>
<assign>
<var>${image_file}</var>
</assign>
<msg timestamp="20200725 15:51:01.346" level="INFO" html="yes">Getting file '&lt;a href="file://C:\qaninja\RoboWeek\web\resources\images\sopa.jpg"&gt;C:\qaninja\RoboWeek\web\resources\images\sopa.jpg&lt;/a&gt;'.</msg>
<msg timestamp="20200725 15:51:01.441" level="INFO">${image_file} = \xff\xd8\xff\xe0JFIF\xff\xfe&lt;CREATOR: gd-jpeg v1.0 (using IJG JPEG v62), quality = 100
\xff\xdbC\xff\xdbC...</msg>
<status status="PASS" starttime="20200725 15:51:01.345" endtime="20200725 15:51:01.441"></status>
</kw>
<kw name="Create Dictionary" library="BuiltIn">
<doc>Creates and returns a dictionary based on the given ``items``.</doc>
<arguments>
<arg>thumbnail=${image_file}</arg>
</arguments>
<assign>
<var>&amp;{files}</var>
</assign>
<msg timestamp="20200725 15:51:01.474" level="INFO">&amp;{files} = { thumbnail=\xff\xd8\xff\xe0JFIF\xff\xfe&lt;CREATOR: gd-jpeg v1.0 (using IJG JPEG v62), quality = 100
\xff\xdbC\xff\xdbC...</msg>
<status status="PASS" starttime="20200725 15:51:01.441" endtime="20200725 15:51:01.475"></status>
</kw>
<kw name="Create Dictionary" library="BuiltIn">
<doc>Creates and returns a dictionary based on the given ``items``.</doc>
<arguments>
<arg>user_id=${token_cozinheiro}</arg>
</arguments>
<assign>
<var>&amp;{headers}</var>
</assign>
<msg timestamp="20200725 15:51:01.475" level="INFO">&amp;{headers} = { user_id=5f1b7c7942f1f60016038c10 }</msg>
<status status="PASS" starttime="20200725 15:51:01.475" endtime="20200725 15:51:01.475"></status>
</kw>
<kw name="Create Session" library="RequestsLibrary">
<doc>Create Session: create a HTTP session to a server</doc>
<arguments>
<arg>api</arg>
<arg>${base_url_api}</arg>
</arguments>
<msg timestamp="20200725 15:51:01.476" level="INFO">Creating Session using : alias=api, url=http://ninjachef-api-qaninja-io.umbler.net, headers={},                     cookies={}, auth=None, timeout=None, proxies=None, verify=False,                     debug=0 </msg>
<status status="PASS" starttime="20200725 15:51:01.476" endtime="20200725 15:51:01.476"></status>
</kw>
<kw name="Post Request" library="RequestsLibrary">
<doc>Send a POST request on the session object found using the
given `alias`</doc>
<arguments>
<arg>api</arg>
<arg>/products</arg>
<arg>files=${files}</arg>
<arg>data=${payload}</arg>
<arg>headers=${headers}</arg>
</arguments>
<assign>
<var>${resp}</var>
</assign>
<msg timestamp="20200725 15:51:02.501" level="INFO">POST Request : url=http://ninjachef-api-qaninja-io.umbler.net/products 
 path_url=/products 
 headers={'User-Agent': 'python-requests/2.24.0', 'Accept-Encoding': 'gzip, deflate', 'Accept': '*/*', 'Connection': 'keep-alive', 'user_id': '5f1b7c7942f1f60016038c10', 'Content-Length': '109081', 'Content-Type': 'multipart/form-data; boundary=99f3cb82fa8b72711c1454ccac13ac3b'} 
 body=b'--99f3cb82fa8b72711c1454ccac13ac3b\r\nContent-Disposition: form-data; name="name"\r\n\r\nSopa\r\n--99f3cb82fa8b72711c1454ccac13ac3b\r\nContent-Disposition: form-data; name="plate"\r\n\r\nTipo\r\n--99f3cb82fa8b72711c1454ccac13ac3b\r\nContent-Disposition: form-data; name="price"\r\n\r\n10.50\r\n--99f3cb82fa8b72711c1454ccac13ac3b\r\nContent-Disposition: form-data; name="thumbnail"; filename="thumbnail"\r\n\r\n\xff\xd8\xff\xe0\x00\x10JFIF\x00\x01\x01\x00\x00\x01\x00\x01\x00\x00\xff\xfe\x00&lt;CREATOR: gd-jpeg v1.0 (using IJG JPEG v62), quality = 100\n\xff\xdb\x00C\x00\x01\x01\x01\x01\x01\x01\x01\x01\x01\x01\x01\x01\x01\x01\x01\x01\x01\x01\x01\x01\x01\x01\x01\x01\x01\x01\x01\x01\x01\x01\x01\x01\x01\x01\x01\x01\x01\x01\x01\x01\x01\x01\x01\x01\x01\x01\x01\x01\x01\x01\x01\x01\x01\x01\x01\x01\x01\x01\x01\x01\x01\x01\x01\x01\xff\xdb\x00C\x01\x01\x01\x01\x01\x01\x01\x01\x01\x01\x01\x01\x01\x01\x01\x01\x01\x01\x01\x01\x01\x01\x01\x01\x01\x01\x01\x01\x01\x01\x01\x01\x01\x01\x01\x01\x01\x01\x01\x01\x01\x01\x01\x01\x01\x01\x01\x01\x01\x01\x01\x01\x01\x01\x01\x01\x01\x01\x01\x01\x01\x01\x01\x01\x01\xff\xc0\x00\x11\x08\x01N\x01\xc2\x03\x01"\x00\x02\x11\x01\x03\x11\x01\xff\xc4\x00\x1f\x00\x00\x01\x05\x01\x01\x01\x01\x01\x01\x00\x00\x00\x00\x00\x00\x00\x00\x01\x02\x03\x04\x05\x06\x07\x08\t\n\x0b\xff\xc4\x00\xb5\x10\x00\x02\x01\x03\x03\x02\x04\x03\x05\x05\x04\x04\x00\x00\x01}\x01\x02\x03\x00\x04\x11\x05\x12!1A\x06\x13Qa\x07"q\x142\x81\x91\xa1\x08#B\xb1\xc1\x15R\xd1\xf0$3br\x82\t\n\x16\x17\x18\x19\x1a%&amp;\'()*456789:CDEFGHIJSTUVWXYZcdefghijstuvwxyz\x83\x84\x85\x86\x87\x88\x89\x8a\x92\x93\x94\x95\x96\x97\x98\x99\x9a\xa2\xa3\xa4\xa5\xa6\xa7\xa8\xa9\xaa\xb2\xb3\xb4\xb5\xb6\xb7\xb8\xb9\xba\xc2\xc3\xc4\xc5\xc6\xc7\xc8\xc9\xca\xd2\xd3\xd4\xd5\xd6\xd7\xd8\xd9\xda\xe1\xe2\xe3\xe4\xe5\xe6\xe7\xe8\xe9\xea\xf1\xf2\xf3\xf4\xf5\xf6\xf7\xf8\xf9\xfa\xff\xc4\x00\x1f\x01\x00\x03\x01\x01\x01\x01\x01\x01\x01\x01\x01\x00\x00\x00\x00\x00\x00\x01\x02\x03\x04\x05\x06\x07\x08\t\n\x0b\xff\xc4\x00\xb5\x11\x00\x02\x01\x02\x04\x04\x03\x04\x07\x05\x04\x04\x00\x01\x02w\x00\x01\x02\x03\x11\x04\x05!1\x06\x12AQ\x07aq\x13"2\x81\x08\x14B\x91\xa1\xb1\xc1\t#3R\xf0\x15br\xd1\n\x16$4\xe1%\xf1\x17\x18\x19\x1a&amp;\'()*56789:CDEFGHIJSTUVWXYZcdefghijstuvwxyz\x82\x83\x84\x85\x86\x87\x88\x89\x8a\x92\x93\x94\x95\x96\x97\x98\x99\x9a\xa2\xa3\xa4\xa5\xa6\xa7\xa8\xa9\xaa\xb2\xb3\xb4\xb5\xb6\xb7\xb8\xb9\xba\xc2\xc3\xc4\xc5\xc6\xc7\xc8\xc9\xca\xd2\xd3\xd4\xd5\xd6\xd7\xd8\xd9\xda\xe2\xe3\xe4\xe5\xe6\xe7\xe8\xe9\xea\xf2\xf3\xf4\xf5\xf6\xf7\xf8\xf9\xfa\xff\xda\x00\x0c\x03\x01\x00\x02\x11\x03\x11\x00?\x00\xfe\xac\xf4\xff\x00\x00jE"\x91/_\x0cC?\x9d&amp;\xf0r9\n\t\x1bF}\xbe\xf0\xeb\x80@\xeft\xef\t\xdaX4e\xe5\x8ei\xce\x0botby\xc1\x03q\xe8:}\xde\xfc\xf0\x00\xac\xc8u9\xa4\xc036\x01\xfb\xa8\x08 p\x00\xc8\xe0\x928#\xbf\xa7\x15\xd5i\xf6vwJ\xb7\x12\x89\x12U \x82\xd9\x00\x81\x93\x95\xdd\xd7\xee\x82\xd8&lt;`s_\xc2\xd9v\x1b.\xa3$\xe8Q\x8b\xaduiNm\xa8\xdd\xc6\xf6w\xb6\xba\xf6\xd7C\xfaO\x1b\x88\xc6M9U\xa9\x18\xd3i\xf3S\xa7M\xfb\xd7\xb5\x92\xed\xad\xbb[\xae\x96\xb6\xe4:tL\n\xfd\x9e$S\xd5\x86&gt;\xf1\xc08\x00\x01\xd3\x18\x04g\xdc\xd3\x9bL[r&gt;\xcf\x14^d\x83\x1b\x98\x02A\xfe\x129\x18\xcf\xb1\xf5\xebVV\xea\xc6%*\xcc\x02\x83\xc6=zg\x1d\xf9\xef\x91\xc7\xa7\x15\x04\xfa\x94(\x15\x90o\xc0\xf9J\xe4\xfe8\xcf\xf0\xfb\xe7\x9ey\xe0\x1f\xa7\xa8\xf0\xce0\xe6\xa6\xa7$\x93|\xba\xed\xcb\xd5^\xfd4KK\xecx\x14\xddnf\xf9\xa4\xa3)5\xefi\xa3KG\xae\x9a\xa4\xfc\xb5\xb9\x89\xaax~\xe2\xe5\x18\xdd:\xaa\xa8\x1b\x980\\\x0c\xf0\x06r{c\x8e\xa7\x8a\xf2\xbd\x7fM\xb7\xb6\x88\x1bR\xf3\xce\x19\xc0T-+\x02\x069_\xf7\xb01\x81\x82=s^\xc1q6\xa9\xa9\xa9\x86\xd2\x07\xc3\x0e|\xc5\xc2\xf5\x18#&gt;\xa3\x9e}\x0e:\x8a\x8bG\xf0,6\xd7-}\xa8H\xa6Fl\xf9`\x9e\x0eCr\x0eF8\xfc\xb8\xaf\x032\xca\x9ei\x88\xa6\xb0xU\x0et\x94\xb1\x15.\xbd\x92\\\xa9\xdb\x99\xeb~\xbe\x9eg\xb5\x81\xc7,\xbe\x9d\xeb\xd7O\x96NQ\xa7\x1fy\xce\xf6\xd2\xcbUe\xbf]O\x9el\xfe\x1e\xea\xbe/\xb8\x8f\xed\xb6oif\x87\xfdo\xfa\xb7t$\xe4\x13\xdb#\xa8\xe4\x81\x9eOZ\xf7/\x0f|9\xf0\xcf\x86\xe3\x8d\xa0\xb3\x8aK\x98\xd5F\xf7\x883\xb1\x03\'20\xc9\xf9\x819$\x9c\x9cW\xa7\xc95\x8e\x9f\x12G\x1aFG\xde`\xa0`c\x8cz\x8e2H\xfd3X\x8f\xacY\xb9p"\x939$\x10\x06wg\xb6A\xe3\xaf8\xf6\xe4\xe3;`8K$\xc9\xa4\xf15\x9d&lt;f9\xc62u1\x1c\xb2\xe4\x97\xbbwMl\xac\xd6\x97\xd3\xcf[(\xc6q\x0eg\x99ER\xa2\xaa\xe1\xf0\xdb(k\xcb+[V\xd6\xba\xab]m\xd5[A\xc6\xfa\xe6\xd5\x04p\xc4#\x8c0\x00*g\xe5\xc7\xdd\xfb\xa3\x18\xeb\xe8:\xf7\xab\xad\xa9\xb4(\x82c\x9d\xe3\'\x8f\x98{\x9e6\x80=\x87\x19\xeb\x9c\xd7/u\xaf\xb0\r\x1cq2\xb6p\x0b\x0cp\x062z\x01\xcepq\x8fA\xc9\xaenM}\xe4\x98D\xc00BC\r\xf9\xc6rx\xc0\xf4\xfd3\xcfj\xf4\xebq\x05,3\xf6k\x13S[%e\x1bo\x1bZ\xda[\xb6\x9d\xb7g\x9fK,\x9e"\xd3\xa9I\xb6\x95\xdb\xe6\xbcox\xf7\xbd\x9d\x9f^\xb7Gs&gt;\xa3d\xe5\xca\x98\x8b\x1c\x9d\xacW$\x96\xe7\x82&gt;S\xd5p:p8\xe7&lt;\xf5\xe6\xaa\x96\xfb\x80\x82\x10\xad\x81\xbdJ\xe7\x9fq\x9c\xe0\x1c\x03\xfc\xba\xd7;yqg;\r\xff\x00\xb9\xc6I|d\x92pO*9\xf5\xc0&lt;q\x9a\xc0\xba\x8e\xc9\xdd\xd1o\xdd\xb7\x03\x9f\x99\x81\x07\x04\x02\xa0\xfe\x18\xe9\xc8\xfc+\xc2\xc6gU\xeaZQ\x956\xee\x9f3\x94UN\x9b\xad\xd6\xe9~\x1eG\xaf\x84\xca\xa3\x1bNR\xab\xca\xd6\xb0Qm/\x85tOgw\xa5\x9fg\xdb_R\xbc\xb9gYld]\xac\x17)\xbc\xee\x19\x07\x9d\xa4g\x85\x04\x83\xd0\xe3#\xda\x94W\x93\x92\xcb\x7f\x17\x9c\xae\x0e\xd9Xn \x8eH88\x03\xae\t\xee\x01\xfa\xf2\xc6\xfc\xd8\xb9\x84K$\xbb\xd9@\x95\xf8\\) rx\xe0\x1eNy\x00\x803\xcdkE%\xf32\xabI\x0c\x8b*\xef\x8cn\x002\x01\xd1z\x90y\x19\xc8\x1d}y\xaf:\x96?\xdb\xd6j5\xaa\xb9=jS\xba\x94T\xbd\xdd\x96\xf2\x8f\x9cn\x9a\xdbc\xd7\xa9\x83ti\xc6\xd0\xba\xe5\xe6\x8c\x9b\xb3\x9d\xf9_{\xa7\xe5{\xf6\xe8\x8d\xcf\x0f|G\x83\xc2\x9a\xc2\xd9&lt;\x92E\x05\xc3*\x90\xe5\x82.\xe3\xfc\x07\x00r\x0f&gt;\x98\x19\xe9_[\xe9:\xba\xea\xd6\x90\xdc\xc3.\xe8\xe5\x8d\x19pI\x07#!\xb2I\xc18$\x8f\\\xf4\'\x15\xf0\x16\xbb\xf6K\xd7\xf2\xeeb\x10]Z\x9d\xe9 \x01\t\x0b\x9d\xad\xb9\x81\x0cr\x06@\xe4\x93\xc7\\\xd7\xbc\xfc\x0b\xf1T\xd7\xb1\xcb\xa4]O\x96\xb5)\x1ce\xdb\xef\'fP\xc4\x90\x07q\x80FNy#\x1fm\xc0\xdcW^\x86f\xf2lM~j\x15\x9d\xb0\x91\x9f\xba\xe9\xbb\xc7\xddz\xf5]4\xec|\x9f\x15p\xf5\x1a\xb9|s*\x14\x1ck\xd3\x8au\xad\xad\xe3e\xef6\x96\xab\xb5\xad\xd7\xa5\x99\xf4\xfb\xc9)L\x01\x86\x04g\x91\xf5\xeb\xc7\xa8\xe7\xa7&gt;\x84Ue{\x90\xa5p\xfe\xb9\xed\x8e\xbf\xcb\xa6q\xdb\xefb\xad\x04*s\xf7\xd5y\x07 \x96\xe3\xae\xd1\xc8\xe4\xf1\xfas\x8a\xb2\x90\xcb\'H\xdc\xa9\x07\x90\x87\x9f\xccq\xf8\xfa\xf3\xd0\x8a\xfd\xda0\xadU\xb7MTiY5\x04\xdd\x9aJ\xfb\'u\xb5\xad}\xae~L\xdd8\xa5\x198\xa7\xf1j\xd5\xec\xda\xb5\xd7G}\xff\x00\x13.3rI\xcb\x92\xad\xfc9\x1e\xfcq\xe9\xff\x00\xea\xe9\xcd\xd5,\xaaKu\xe3\xbf\xe7\x83\x93\x8fa\xd4\xf4$U\xd3\xa5\xdc\xe0\x15P\xb9\x1b\x81f\xc0\xc69\xdd\x90\x088\xf5\xf6\xe0t\x11\x9d*L\xb7\x9by\x04c\xae7\x00r=z\xe7&gt;\x98\xe4\xf2k\xa2\x18,\\\xac\xbd\x85I\xb7gv\xdcl\xae\xad}\x97\xf5\xde\xd7\xcb\xdb\xe1\xd2\xd6P[t\xb3\xe9\xaa\xb7M\xbd,U\xf9\xe4\x07o\xcb\x83\x9c\x0eI\xc7\xae\x088?\x97$z\xd3S\xccV9\x079\xe06q\xc7N8\xeb\x8c\x03\xde\xae\xad\xbd\x84?\xebu%\x18\xec\x9e\xc3\xaf\x07\x1c\xe7\xbf=zS\x9e\xefF\x8c\x8d\xd3\xcd)\xc6r9\'\xaf\x1f\xa7\x03\xa7^H\xc5v\xd2\xca\xb1m\xab\xc3\x91u\\\xe9\xdb\xe1\xeb}S\xde\xdb\xdbge\xa6R\xc6\xe1\x92I.d\x9ai\xa8\xbf/\xbdl\xfeE\x19g\x9cq\xb0\xf2s\xc7l\x1e\x08\xc9$\xf0=G\xf2\xaa\xe2\xea]\xc4\x1d\xd8\xe8@\xc1\xc78#\xb7\xe3\x9e+S\xfbSK\xfe\x1bi\xe5\xf4$\x008\xeb\x8c\xb8\xfcr2}\xc5W:\xb5\x96\xf3\xe5il\xccs\x92Gs\xeb\xd4\x0c\xf7\xe5\xb1\xeaj\xe7\x92b\xa7(\xbfm\xc8\xb4vM\xbb%o?U\xf2\xf9\x19\xfd\x7f\x0fg\xfb\x8b\xbe\xed\xff\x00\x87\xce\xdd5\xd3{\xfc\xea\x98\xee\x0f"C\x9e\xa0\x03\x90\xde\xc4\xe7\xa6zc\x19\xfaS\x02\xde\x9c\xed-\x90NH#\xa7|\xe4\x9e\xfe\xbe\x9fZ\xd3:\xb1L\x15\xd3\xa2Q\x9cc\x8e\xa3&gt;\xbd=rO\xe3\xcd\x03Y\xba\xfe\x1b;\\\x13\xce\xe2\xbb\x8ezc\x9f\xcf8\xc7\xbf{\xfe\xc3\xa9-\xf1|\xadY\xabY\xeb\xa7[\xf5\xb3\xbe\xfd5\'\xfbF6\xb7\xb1]\xff\x00+\xd9^\xdd\xff\x00\x02\x825\xda\x9f\x9aB\x06\x0eU\x81\x19\xef\xd8\xfap\x7f\x0e\xbc\x92\xd9\xa4\xb8\xdb\x84\x0c}H\xcf\x07\x91\xdcq\xdb\x8ez\xe7&lt;\xd5\xf3\xaa\xde\x06\xe2\xde\xcdTt,S\xae:u&lt;\xfe\x07\x1d}(:\xb5\xf6\xdcyvK\xfcEF\xd3\x9f|\x129\xef\xc7\xd7\xafI\xfe\xc2\xa8\x93\xbe5\xd9\xb5\xab\xd7\xa4{=\x12\xfd&lt;\xd5\xd7\xd7\xe2\x9a~\xc6/M\xb6\xbf\xc3\xe5\xd2\xce\xcd_m\xbb\xf3\xea\xf7bM\xd24\x81r3\x9c\xe4~\x18\x18&lt;z\x1f\xc2\xac\xbc\xf2\x0e\x8c\xc478=\x89\xec23\xf4\xadQ\xab\xdd\x8e\xb0\xd91\xf5!O\xaf\xa3c\xbd\x07W\xbal\x7f\xa2Y\x9cq\x9c&amp;?\x0f\x9cc\xaf\x7fZq\xc8\xaa(\xda8\xce\xdb\xae\x9ao\xad\xd5\xb5\xfct\xd7[\xfe\xd1\xa4\xd2O\x0e\x93Z\xe9+\xf4]/\xa3^OK\xa3)\x0c\x8f\xf3s\x90\t\xe9\x83\xc8\xfdy\xc1\xe7\x9cb\xaaM4\xa8r\xcex as\x9f\xcf\x9c`\xe3\x9e:\xff\x00\xc0\xabp\xeb\x13\xf566\xcc\xa3\x9f\x94/8\xcer\t\xf68?\xcf8\xa4mZ6_\xdfi\x91\x95?{\n\x80\xf3\xe9\xf2\xf5\xcf\xbf#\x8a\x99du\xa5\x07le\xe5\xa6\x96\xb2MYn\xed\xf7\xeb\xae\x97\x12\xcc)\xddsa\xee\x96\xf6\x95\x9f\xd9~]S\xfc&lt;\xccc4\x92.Ifa\xc0\x01\x86r\x01\xeaz\xfad\xe0\x1e9\xf7\xaa\xf7\x17&lt;\xa8W\xc7\x03nrO\x18\xeb\xc1\xcf\x1d\xf9=y\xae\x83\xfbOL\xc0V\xd36\xf1\x92S \xe7\x81\x9c\xa9\x1c{z\xfa\x8e\x89\xf6\x9d\n\\\xe6\t\xe3n\x84\xa9\xce\x7f&gt;\xc7\x9e\xfcrs\xcdsO\x87\xf1\xb6\xbc1\nN\xd7Z\xe9\x7fwv\xf4\xe9ki\xea\xf5\xbe\xf4\xf3,-\xd5\xe8\xb8\xad;\xf97\xd7E\xfd_\xbf7\x13I#`\x02\xbc|\xdc\x91\xef\xe8\xc3#\xd4\xe3\x8at\x8bq\x9e\x1f q\x8c\xe3\xa9\xf4\xf7\xe9\x8e\xc4q\x91]\nZ\xe8L\xc5\xa1\xba\x9e\xdd\xba\xe5\xbea\xf8\x81\xf5\xe4sR\x9d.\xdeM\xa6\x1dF\x16\x00\xe3\x12\xae\xcd\xc0t\xc6}\xf2;\xf3\\\x92\xc93\x1aQ|\xef\x99\xbbk\x19\'\xd9\xa7\xf8\xf7\xe8\xb76\xfe\xd0\xc2JI\xc5Y]h\xd5\x9f\xd9\xeb\xdf\x7f=7\xbd\xef\xc5J\x97H\xdb\x81\xe5\x81\xe8O\xe1\x9f\xa7c\x8fbj\xa6\xeb\xd2\xf9\x0eT\x03\xc0 s\xc7\x00\xf20s\x82;\xf6\xfe\xee;\x99t;\xd6\xe6\x13o:\x8e2\xb2\x0c\xf5\xf4\xc7 \x9e\xc7&lt;\x1c\xe7\x1c\xd6,\xdaf\xa1\x1bm\x96\xdaT\x07\x8d\xc3,\x0f\x7f\xe1\xe4\xf7\xe3\x1e\xa7\xbdyx\x9c\x0e&gt;\x8b\xb2\xa7V\xcd\xa5&amp;\xa2\xda\xe5\xd3w~\x9ez\xdbs\xd2\xa1\x8b\xc2\xc9k*R\xff\x00\x14\x95\xfe\xcb^m\xed\xf20\x16k\xf4-\xe6\x12F\x0fA\x8e\xa7\xb7\'\xa1\xe80{sT\xe4\xbc\xba\x00\x95v\x0c{u\xef\x9e:c\xa7\\\xe3\xd3\xd2\xba\xa7\x84*\xb28\x00\x81\x826\xbes\xc7\x07*9\xf5\xe79\xeek6K%\xceUI\xcf&lt;\x80\x079\xf4\x19\xed\xc6;\xf55\xc5^\x96!%\xfb\xc9\xc5\xd9_\x994\xd7\xc3\xee\xf9\xed\xb7\x96\xa7e*\xb4\x1d\xd2\x856\xa5\xaaI\xa6\xed\xee\xbd\xbc\x8ew\xedw\xd2\r\xac\xa4\x82p\x0f\x19\xe3\xd3\x04w?N\xe2\xb0\xb5\x11v\xa46\xf9\x14\x069\xc1\x078\xe0\x0f\xc8w\xfa\xd7x\xb6\xd2\x16\x03\xcb\x18\x18\xeb\x80:\xf6\xcf$\xf023\xcf\xa6)\x97ZjJ\x8cp8\xceGQ\xces\xc7N1\xcfoN:p\xd4\xc3T\x9c\x1c\x95I\xbb5wg\xb6\x96\xec\xb5o\xafD\xce\xaa5\xe8BqME]YE\xef\xaf.\xfb4\x97]\xfd\x0eOOiZ1\x9c\x93\xc7$\xe7&lt;\x0cq\xd4\x92{\x8c\xfag\xa5It\xd3F\xa7r\x901\xc1\x1c\x93\x9e{\x03\x8f\xe5\x8e+N\xde\xd7\xc9`\xa5F\t#8=:\x0e\xa3\xa6=\xbd\x85Y\x96\xd9\xdc\x11\xb5J\xe3\x03$\x11\x8e\x87\x90&gt;\xbf\xfe\xaa\xc5B\xa7\xb3\xb5\xe4\x9ct\xd54\xde\xdf~\xc9\xf6_\x89\xbc\xa7JU\x13Q\x8e\xbd\x9a\xd3\xe1\xe9\xdb\xafw\xa7}|\xf6k\x89\xc1\x0c\x8a\xe3\xae\n/\x1f\x8e{g\xf2\xe8)!\x9e\xf9\xc8\xde\x1b\x1d\xce1\x9fls\x9f~;\x1e\xa7"\xbb),\x91\x8e\xd6U\x18\xcex\xc8&lt;p?\x97n\xc3&gt;\x954ZlEF\x14\x02{\xe3\x19\xe3\'\xfc\x9f\xe7\xc0\xe4T1\x0eWSi\'\xd1\xd9\xddY\xbd&lt;\xee\xb6\xdf{\x9a\xca\xa5\x1bE8\xa6\xdd\x9d\x97\xca\xdb_\xb7W\xfa\xb3\x92\xb97&gt;[\x05\x04\x96\x04\xf0\xdc\xe4`g\x1c\x1e3\x9c\xf5\xef\x83\xcdrR\x0b\xe2\xcc\xaf\x1b\xe0\x93\x83\x9e\x80\x9fC\x8c\xf6\xeb\xc7\xbdz%\xf5\x84\xc9\xf3F\xc0\xe0\x90\x06:\x03\xe9\xd0rs\x81\xefX\xe2\xd2\xe6Bw\x83\xb8g\x83\xc9\x03\xa0\xe9\xf9\xe3\xbf\xd3\x18\xe5\xc4F\xb74W4\xef\xdb^\xb6\xb6\xd7WZ/\x9d\x8e\xba\x15(\xa8\xc9\xa8\xc6\xcf\x96\xc9\xbf{e\xf2\xbe\xcf_;\xdfc\x89x.\xd3\x1bc\xcey\xe4\x03\xdb\xb9\'\x93\xdb\x9e@\xc7\xb0\xa9\x00\xbe\xfe%}\x83\x00\x90\x00\x18\xf6\xe7\x8e\x9f\xfd|\xe2\xba\xe6\xb3\x9d\\nE\xc6z\xe3\x9f\xd7\xd8g\xa7\x1d;\xd3\x9e\xdd\x90\x12\xc0yx\xce\x00\x00\x9e\x08\xfd:\x1cv\x1c\xfb\xf2\xfd^z\xbey\xe8\xdbkT\xdbI_n\xdb}\xd6\xb1\xb4q1\xba^\xce\x1a\xb5\xad\xd5\xed\xee\xdd\xb4\xda\xeb\xf7~~s\xa9Cz\xa3|r0\xceG\x0c8\xf7\xc8\xc1#\xf0\x07\x92I\xedX*u(B\x19&amp;r\x06\xe2\xc7s\x10Fs\xdc\xf6\xf5#\xd8w\xafF\xbcX\xe4b\x8a\n\xfa\x12\x14\x93\x9ex\xe0\x1c\xf1\xd4c\xa9\xf7\x15\xce^\xdb\x16\x05T\x80\x02\xf1\x95\xc1=s\xc0&lt;\x90On\xddzW\x8b\x88S\xa79N.wVi)4\xb7\x8b\xf4KO=U\x8f[\x0c\xd5D\x95EN\xd2\xdf\xbd\xf4\xb7N\xf6\xe9\xb2G;%\xdcW\x00\x06\xb8&gt;b\xf1\x83\xd8\xf1\x8e\x089\xe9\xdb\x8eN+\x93\xba\x9a\xf1&amp;e\x8f2.\xe6\xe4|\xbdx\xe81\x9e\xe3&lt;g\x91\x8e\xf5\xd4\xff\x00g\xc0I\\\xb2\xcaNF\x13 \x91\x9fC\x9f\xcf\xb7L\xe0\xd5C\xa7\xce\xaes\x90\x018%\x18v\xe3\x8c\xf4\xf4?\xa7\x06\xbcj\xf5gU\xa98N\xff\x00\x0b\xb4\xb6\xba\x8f\xa7n\xad\xebn\x96=*\x10\xa5JJ-E)|=\xba4\xf5\xf2\xb3w\xb6\xebvq\xae\xb7\x8e_xl\xb0\'vNG^\xb89\xfd?\x9dsZ\x947n\x04l\xce\x87&lt;\x90x\x03\xdf\xd4c\xb7\xd4u\xce=&amp;{9\xc1\x1bG\'\xb1B2:\xf6&gt;\xc7\xb1\xe0\xf3\xc6+.m&gt;i\x03\x07\x87#\xf8A\x07;\xb3\xd3\x93\x8c\xe7\xfd\xa1\x9cc\xa6+\xc6\xaf\xcdwh\xd5\x83\xbf\xc4\xd3i\xfc&lt;\xab\x99\xd9_\xee\xd2\xddv\xf4\xe8\xd4\xa7{Z\x9aN\xd6\xd7M,\xf5\xb6\x8b\xa7\x9e\x9dz\xf9O\xf6&lt;\xe7\x90d \xf2\x0e\xe3\xc8=\xfaw\xa2\xbd#\xec\xb2\x0e&lt;\x86\xe3\x8f\xf5K\xdb\xe8\xf4W\'\xb2\xab\xfc\xd5~\xe7\xfe^K\xee7\xf6\xb1\xfeZ?\xf83\xd3\xfa\xff\x00\x86g\xa9\xdbiS@7F\x91\x83\xd4\xb4\x99\xdaOP\x00\xc8\x03\x04g#\xf9g\x1a\xd0\xfd\xa4nk\xab\x80\xdbS\xe5\x11\x16\x01GN\xed\x8c\xe0q\x81\x9e:t\xcf??\x88\xe3X\xe4I\xdaO\x94\x1d\x8as\x87\xc7B\x14\xf4\x07\xe9\xd0\xf7\xef\xce\xc5\xaf,\xf2\xe1\x9ea\x0c\x9b\x90B#`\x03.\xd1\xc6\x0e\t9\x1c\xf5\xc8\xc2\xf75\x8c\xb3\x0c\xbf\r8\xaaM\xceROD\xdd\xafd\xdf\xbb\xd6\xdd\x93\xd5\xfe&lt;\x94\xf0x\xbcDd\xeb(E]k}\xb5\x8e\xcb\xa6\x9a}\xcbC\xd0\xe1\xd4\xec!\x98\xc3#\tK\x82~f\xc9\x07\x03\x9c\xf4\xfc\xf2\t\xef\x93Z\xd0k\x16\xdb\xc3-\xa2\x18\xd0\xe0\xb08\xe4u?/\xcb\xd7\xa6\x061\x8fj\xf2\x89\x19\xae\x03Ao\xa6^4\x8cO\xfaX\xca\x95\x07\x82Inp\xbds\x9c\x1e\xdd\rj[\xb6\xa3\xa4\xdb9Kio\x10\xa9\xda\x03\x16%\xc09\x07\x9c\x13\xbb\x82z\x1e\xbd\xa8\xa5\x9eTWQ\x84\xe5I$\xf9\x94\x1ak\xe1N&lt;\xaf\xdez=9]\x85S+\xa6\xe1\x16\xe7\x05\'$\xad*\x89Y;]\xdd\xe8\x9bK_\xd2\xc8\xf5#\xe2\xa0Y!\xb5[x]\x81\x18!D\x84t\xcf.\x078\xe0\xe0\x1e\x84\xfa\xd5mSX\xd5l\xd5%\x8e!r\x18a\xcb\x0f\x94\x01\xc6s\x9f\xaf\xb7L\xe2\xbcn\xe3S\xf1\x14\x8c\x97\x11hb\xdf\x04\xfc\xd21L\x1c\xfb\x00N9\xef\x8fJ\xb1\'\x8c\xf5;hV\xde\xf4G\x16\x14\xefVn\x07|\xe0\xf48\xef\xd7\xd4\xf4\xc7=N0\x8bUiU\xa9\x88\xa1\x08\xa4\xe9\xcf\xd9\xbaq\xd3\x96\xfc\xd7\xb3\xde\xddz\xb7{\xef\xb5.\x1d\xbb\xa7*4\xe9b\x14\xfe8\xb9)\xca\xcb\x96\xee.\xce\xddm~\xdb\xabk\xe90\xebp\xdd\xe5\xae\x0f\x92\xe7\x87\x05\x82\xa8\xc7Ls\xf5\xe8\x07LT7\x820D\x96wd|\xa4\xb0\xdc\xac\x0e}1\xc8\xf7\xe9\x8e\x87\xdb\xc6n\xfc[e9\xc4 I(\xe1\x8a\x92px\xe0\x11\xdb8\x1c\x83\x8c\x9f\\T\xd0\xf8\xfa+8\xcc2[y\x85W\xee\x02\xa1\xb0x\xe4\x91\xd0u\x04\x93\xf9\xd7\x93\xfe\xbaae\x1fa\x8b\xc4Sq\x92\xf7+B\\\xcf\x95\xb4\x92m7\xaa\xebo/3\xd1\\1\x8b\xd2\xa5\nR\xbcZ\xe6\xa2\xda\xe5K\xdd\xfc:$\xba.\x9a\x1d\x86\xa7s\xab\xa2\x11\x0by\x85\xce\xd0P\x13\xb4r\x01#\x00\x12T\xf4#\xbe;\xd7!yu\x7f\xa5F\xd7\r\x1d\xc4\xa0\x82\xf3\x90\x19\xb0q\xb8\x93\xb8\x1c\x1c\x1e\x8aF;\x01\x8a\xb9\xff\x00\t\xfcm\t6\xf1\xa4,\xe0\x95b\xc9\xb9N\xd20\xc7\x19\xed\xd3&lt;t\xe9\x8a\xc0\x9b\xc5\xfa\x85\xfby2I\n\xa1\xdc\xb9\x08\xa4\x1eq\xe9\xcf\x07\x9e\xfe\xe6\xbcl\xc35\xcb\xaaSQ\xa5\x98\xd7x\x89\xaf\xdc\xa8%(\xa6\xede\'\xa3\xbe\x9b%\x7f\xd7\xd5\xc2e\xd8\xbar\x8a\xa9\x85\xa5\ni%8\xc9\xdaN\xdc\x97\xf2O\xf1\xd4\xe4/\xfcwuu$\x91Y\xab\xac\xa3\x9c&gt;\xf5\xe9\x9f\x98\x83\x83\x8f\xee\x8e\x80\xe4c\x8cVT~!\xd4aqs}p\xb9W\x12I\x188\x1bT\xe4`\x93\xbb\x8fn\xbc\xf4\xef\xdcKc\xa0;E%\xe4{\xaf.\x00M\xf1&amp;e\x96C\xce\x11c\x00\x9eI+\xcf\xa88\xc5u\xda7\xec\xdb\xadx\xe5V\xe2\xda\x0b\x9d\x1bO\x91\xd4\x9b\x9d@\x18]\x91\xf1\x83\r\xb3\x15w@\xa7 \xb3\x02H\x18 \xed5\xe6\xe0\xb8\x7f\x8b\xb3\xcc]8\xe4\xde\xdb0\xaf+rB\x972\x8c\x1d\xe3\xcb\xed[\xb4`\xaf\xbb\x9bK\xb1\xe8\xe33\x8e\x1d\xca\xa87\x998`\xa9\xa5\xc8\xe7[\x97\xde\xb5\xb4\x8cW\xbc\xdfk\'}uw\xb9\xe2Z\xb7\xc4\tn\xa6\x84\xda\xd8\x99b\x84\x02LC9\xd9\xc98\x19\x07\xa1\xc9\'\x91\xd4\xe0\xd7\xa6xN\xf3X\xf1`\x84\xe9:F\xa3s:lU[ki\xd8/\x1b[t\x89\xbe\x15L\xb0\x07sG\xcb\x8ey\xc1\xfa\x8f\xc1\x7f\xb3/\xc3\xaf\x04bmf\xee\xe3\xc4\xb7\x8aPyWo\xbe\xd9H\xc9%-\x94yg\' \x99Y\x88\x07\x1c\x9e\xbe\xe1m{\xa5h\x90\x0bm\x0bK\xb2\xb0\x85\x01U\x11E\x14`\xaeARB`\x13\xc7\xf7q\xfaW\xef|#\xe0g\x15\xe2jG\x1d\xc4\xf9\xbd\x0c\x07\xb4\x84cS\x07\x86\x84kb \xfd\xd6\xdf\xb4V\x82v\xdfw\xba\xd4\xfc\xab\x88\xbcU\xe1\xfaPxL\x87.\x9e2Pv\x8e*\xb2\x94)\xa5\xf3N[\xe9\xaaKO\x99\xf3n\x91\xf0G\xc5\xbe H%\xd6`\xb3\xd1\xe3U\xc97.f\xb8\xd8I^b\x89\xc8\r\x82\x1b,\xc7\x07\x1e\xf5\xe9&gt;\x11\xf8\x1f\xe1?\x05\xeak\xab\xcd\xae\xeaW\xd7\xa26F\x84\xcd\x1c6\xa4\xb1,6\xc3o\nH[9\x19\x92V8\x1d\x06+\xd0.5{\xeb\x92|\xcb\x87Ua\xd0;,c\x8e\xc0\x1d\xbd\xc6q\xd0\x1c\x8c\xd64\x97\x90FI\x92\xe01\xc8%\x13\x95\xc8\xc6\x08n9\xe0\xe4g\x83\xd7\xad~\xef\x93xe\xc2yD\xe8\xe2%\x86x\xccf\x1f\x96Q\xc5bf\xe57$\xe3\xda\xc9^\xdbk\xa7T~Q\x98q\xb6}\x8f\x85Z?Y\xf6\x18j\xaa\xd2\xc3\xd1\\\xb0\xe5\xb6\xda\xf3I\xbf&gt;e\xa1\xdc\xb6\xbdcl\xa2;[UvP\x002d\xe7\x00c\xefs\xc6;\xf2H\xea:\xd59|C}/\xcbn\x8b\x1e@\x1f\xbb\x8b#\xeb\xbaM\xd8=\x8e;\xf4\x02\xb8I\xf5\xabx\x800\xc5\x1a\xe3\x8d\xcey# \x92r3\x9ez\xe0}\x05dO\xae\xddI\x80$\xf93\xc0\x8d\xc0\x1f\x82\x8c\x0e\x9e\x9c\x9f\xce\xbe\xf1J\x8d5\xcbJ1\x8aN\xca1\x8a\xb2\x8d\x95\x9d\xf7m\xb5\xd5\xf4\xfb\xbeFS\x9e\xb7r\x93m\xbee\xbb\xda\xed\xbf\xbe\xda/\xd4\xf4\to/\xa5$Kw\xb1s\xc8y0A\xf5\xc2\x11\x91\xc7\x00q\xe88\xc5g\xbd\xdd\xaa\x7f\xaf\xbcw&gt;\x91\x9c\xe7#=\\\x9e\x0f~3\xf9\x1c\xf9\xc4\xda\x9c\xd2\x16R\xees\xd4\x90r\t=r~\xe9\xcf\x19\xc8\xc7N\xd5M\xee\xe5!\x86\xf22\t\x07\x1c\xe7 u\xf7?^:\xf6\xa9x\x96\xb4M\xaf\xf0\xdbO\xc2\xdd\t\x8f\x9a\xba\xfe\xf5\xef}/m\xb4\xfdQ\xe8\xb2\xea\xfadg\x01$\x94\x8e\x9b\xd8\x0c\xe0s\xbb\x04\x1fN\x98\xaa\xaf\xe2xP\x12\x96\xf0\xe0``\xa9c\xf9\xe7\xb6?\x0e\xbdk\xce\x9d\xf7\x15-&amp;q\x9cp\x14\xfe|\x91\x9e;c\xaf\xa70K \xc6\x0c\x8c\x00\x1c`\xe7\x80~\x80q\x96\xe3\xb7\xbfhx\x99\xdbF\xdb\xb3\xbbv\xbfK?\xd3r\xb4\xe8\x92\xf2[\'\xd7\xf1=\x06O\x17\xdd\x05\x01\x165\x19\xea\xb1\xf4\xc9\xe3\x8fN\xb98\xc7sT\x1f\xc5\x97\x84\xe5n\x08\x07&lt;\x85\x03&gt;\xbd\x06GL\xff\x00\xfa\xab\x87\x17*\xa1\x86Kg\xb9\xe7\x8e\x80~\x1d1\xe9\x9f\xadU{\xb6\x03\x8c*c\x92y\x1d\xce\x06=y\xe9\xeb\xe9\xc5G\xb7\xab\xfc\xc0v\xef\xe2[\xd9v\x86\xb8|\x03\xc0\xde\xd8\xfd\x08\xfa\x9c\xe7\xf9Uf\xd7n\x899\x99\xdb\xfe\xda?\x1cw\xc9\xea\x07OL\x1f\xadq_krr\xacv\x9e0;\x03\xdcs\xf8\x82&gt;\xbe\xb5\x1f\xda\xdfw\xdfq\x9c\xf4\xc8\xc8\x19\xe4\x90s\xcey\xf4\xf7\xa25\x9aV\x92\xe6\xbf\xfc\x0e\xff\x00&gt;\x8b\xf1`vgZ\xbbn&lt;\xc91\xbb\xbb\xb0\xc1\x1c\xf1\xcf=\xc7\xe7\xf5\x02\xeb3\x92C;d\x8e\xbb\x98\xe3\xb7\xaf\x1d\xfb\x03\x9f\xc2\xb8\xb3vrA\x91\x89\x1c\x82I\x1d{u\xfa\xe3\xa7z\x05\xec\x8cp\x1cz\x03\xbb\x8cu\xeczz\x8c\xf5\xc85R\xac\x9a\xb7+\xfb\xfc\xef\xfd\x7f\xc3\x91i\xff\x002\xfb\x97\x97\x97\xaf\xf5\xb7duy\xcf\xdc\x95\x8f\xaeK\xf4\xed\xce\xe0?\xcfJT\xd6\xae\x01\xc3H\xc0w\xf9\xdf\x83\xd7\xb9\x18\xfc\xeb\x8e\xfbC\xaa\x9f\x9c\xe7\xef\x12\xad\x8c\xf1\x93\xc0?\xd7\x81\x9f\xad \xbe=I\xdc\x0e\x0f&lt;\x9fn\xe7\xfc\xe2\x85Uh\x95\xd5\xbf\x99\xab=\xbe\xefO\xf8p\xb4\xff\x00\x99}\xcb\xcb\xcb\xd7\xfa\xdb\xbbMv\xeceE\xc3\x01\xc9\x07{d\x1c\xf1\xd4\xf3\xdb\xbf\xe7\x9a\xb0&lt;Iz\xa0f\xe1\x8f\xa9f-\x8f\xc0c\xf0?\x87\x15\xe7\xcb}\xfd\xe2\xa3=G\x039\xecz\x9f\xafs\xe9L7\x8c\xe5\x80!r\t\x07&lt;\x0e\xa78\xe7\x9fa\xd3\x8e\xb5n\xacR\xbe\xfeI\xab\xf4\xff\x00\x83\xfdl\xfd\xf4\x9a\xe6Z\xff\x00]6\xf9\xf6Zv\xf4\xe4\xf1U\xd1\xe0\xc8\x84z\xec\' pz\xfe\xbf\xd2\xa5\x8f\xc5m\xb8\x87\x8e\'\xf5;\n\xe3\xdf\x82:\xfa\x7f*\xf2\xd8\xae\x1b\x1c\xbe\x07\xe9\xed\x8fO\xd7\xa58\xdc\xb08\x0f\x96\xc6G&lt;t\xef\xc8\xef\xd3?\xfe\xbc\xe5]\xfd\x9d-\xb6\xd7\xbb\xb6\xff\x00\x8d\xbe]\xf4q\xba^\xf3M\xf9+#\xd6\xe2\xf1E\xac\xa3k\xc0\xaary@U\xb8\xf6$\xf6\xe7\x1f^\x01\xe2\xb4W^\xb4`\x8b\xe7\x14\xd9\x8d\xa8\xf8\xe3\xefu8\xc8\xce\x7f\x84\x8e={x\x9a\xdf2\x8cg\x07\'88\xe4\xf5=r=8\xe7\x8eGzy\xd4Y\x00\x06B}\x89\'?\\\x9e~\xbdG\x03\x8e\xc9b\xe5\x17f\xd3\xd6\xfa\xa7~\x9e\xba\x7f\x9e\xe2qOT\xda}\xff\x00\xa7\xea\xba~\x8b\xde\xe3\xd5\xc3\x10\xd1\\ \xce\x06\xc1+.8\'\x8c0\x1f\x96~\x95\xafm\xad\xde(\xc0\xb9\x0c3\xf2\xab\x95u\xe9\xf4f\xe8{\x11\xcf9\xc7\x15\xf3\x94:\xcc\x99,_h\xe9\xdc\x1c\x0e\xdc7\x07\x1d\xfac\xb8\xad\x18&lt;Gq\x11\xff\x00XKd`n8\xdb\x8c\xe7\xaf\x04\xfb\x1a\xa9\xe3#-RN\xdffQV\xd2\xd6[~\x9d\xb6\xe88\xbb\xdd&gt;We\xaar\xbf\xd9w\xdf\xca\xfe\xbe\xba}\x1e\x9a\xcaJY.-\xad\xe6\x04e\x9b\x046x\x1c\x12\xc7\x19\x07\x9cs\x9e:\x13O)\xa2\xdc\x00\xc5d\xb6oTo\x94u\xec\xd9\xc8\xf5\xfc8\xe6\xbc&gt;\xcf\xc5LYD\xb2u\xeb\x96l\x1e\x9d\xf3\x83\xdc\x8f\xf3\x8e\xa2\xcf_I\x06w\x81\xd0\x0f\x9c\x0e8\x1d\xc8#\xa7\x03\xd2\x85G\t\x88\x87\xef\xa8R\x94\x9e\xf6[\xec\xff\x00N\xdej\xe6\xb4\xaa\xd6\xa7kU\x92\xb5\x95\xe2\xec\xd2\xd2\xf6\xf5\xb5\xbd?\x0fF\x93E\xde\xbb\xec\xee!\xb8^\xaa\x85\xd47#\xfe\x03\xcfO~\xa7\xa1\xac\x8b\xbb;\x98\x06%\xb7t\x188\xc2\x8d\xbdH9~\x9c\x83\x91\x9eEP\xb7\xd5\x10\xed*\xe1H&lt;\x14s\xbb\x9ex\xda@\xf4&lt;\xfa\x9fz\xe8\xed\xb5\xa9\xb0\x04\x8c&amp;L`\xab\x85\xdd\xcf\xa9&lt;\xf4\xc62z~\x18\xe0\xc4\xf0\xee\x12\xbd\x9d\x17*M\xe9m\xe3m-n\xedw\xb5\xf5\xbf\xafu,\xce\xbd6\xb9\xe3\x1a\xaa6z\xafy\xad\x16\xafn\xfa\xae\xfb]\xa3\x946\x80\x80q\x92\x06s\x8c\x8c\x9fS\xfas\x8c\xfe9\xa9&lt;\x80\xb1\xf2\x80\xb60p\x08 \xf3\x9e\x08\xed\xeb\xdf\xafz\xed\x19t\xcb\xf5!qi1\xe4c\x1bI\xc8\xe4\x01\xf2\x91\xdc\x1fN\x95\x81\x7f\xa6jV`\xba\xc6\xb3\xc4A&gt;tg\r\x81\xc8.\xbc\xe0t\xcf\xaf\xe1_5\x8c\xc9+\xe0\xd4\x97$\xabAk\xcc\x95\xd2J\xcb}\xf5w\xea\x97m\x0fg\r\x99\xc3\x12\xe3\x19r\xd2\x96\x89.d\xaf{]\xb7\xd7k\xef\xf9\xa3\x9c\x11*\xbb\x16_\xbcq\xd3\xbfl{\x8e\xdd\xfa\xf1\xd2\xa3c\x1cn0\x0e\x01\xe4\x11\xff\x00\xd6\xff\x00&lt;}j\xcbJ\xf9\xc3\xe1H\xe7\x9e\xb9\xe0\xf7\x18\xfcy\x07\xdf\x03\x14%\x9c+0m\xa7=r\x84\x9f~\x9d\x0f~z~\x15\xf3\x93J\x9f\xbc\x92\x82OW+-SZ[}/\xbe\xda?S\xd8\x84%(\xa7\xab\xb3Z\xa6\x9d\xd6\x9a\xa7~\xdeW\xb5\xb4\xd2\xe4\xf2\xa4S!+\x92y\xfas\xc7A\xd7\x1c\x8c\x1e\xbd;VD\xd1\xb4jY\x10g\x9c\x921\xc0\xeb\xc7\xae}\xc7C\xd2\xac6\xab\x0cChU\xcf\xa0\\v\xc6\x06{t\xe3\xf9\xe2\x83\xa8#\xae|\xa1\xdf9S\xce9\xe7\x1c\x13\xeb\x8c\xfe5\x0f\xd9V\x83jP\xe7\xb6\xae\xd6w\xd1m\xdd\xdf\xa7k\x9a\xd3\xf6\x90wj\\\xab\xa2\x7f\x8e\xba+\x7f\x97\xcb\x15\xa7f\x180\xf2;\xf3\xd4v\xe4u\xf6\'\x9c\xfb\x1a\x84&lt;L?z;d\x03\xee=:\xe4z\x1c\xfaV\xc3\xcdo)\xca\xc4\xa8G\x04\xec\x03\x9f^\x83=\xb3\xdf\xb1\x1d\xceL\xd2\xc7\xbc\x83\x18\xe3\x9d\xbbFF2N\x01\x1e\xc7\x00\xf0};\xd7\x95V\x0e.\xdc\xd1\xb3\xde\xcbmU\xd6\xaf\xee\xf3\xb1\xdd\t\xb7ovI\xf4O~\x8f~\xfa\xfeZ\xeaf\xcfei#\x86T\xc9\xc1#\xafQ\xd3\xa1\x03\xb1\x1c\x0f\xebX\xb7:t\x18,\xc8A\x00\xfd\xccg\x04\x8c\xe5\x8f8\xce0\x07\x03 \xf3\x83]B4\x97\x12,v\xb62\xdc1 b\x08\x9eB8\xcf\xccG\x0b\xdf\x9cz\xf7\xae\x9e\xcf\xc0\xda\xd6\xa67\\\xdb\xc5a\x1br\x1ac\xfb\xccv\xc4X\x04\x1ff\xc8\xf4\xedYS\xca1\x18\xe5(a\xf0\xd5jJz&amp;\xa0\xf9od\xd3rvIy\xb7\xa3\xd4\xa9\xe6T\xf0\xa9\xca\xb6"\x9d4\xb5jO\xdfJ\xf1\xda*\xed\xbfK?\xba\xe7\x8a\x9d2!)`\xf8\x18\x04\x0c\x80\xc0\x1eI\xcb)\x03&lt;\x1ct\xf4\xabk`\xf7\x0c\xb0\xdbC-\xc3\xb0\xe1!\x89\x9eS\x9e9 \x15\xc6:\x1d\x87&lt;\xf5\x18\xaf\xa1\xac\xfe\x1c\xf8r\xcc\x87\xd4\xa7\x92\xf9\x86\xd6h\xd9\xfc\xb8\xb1\xd4\xaf\x94\x98\xdc\xa1\x860\xc3\x81\x8fRGG\x1c\xfa\x1e\x98\x82\x1b\x0b;h\x15xA\x14(\x87\x8eNI@N\xe0\xbc\xf5\x19\xf7\x07&gt;\x86\x1b\x81\xe5\x1bO\x1f\x8c\xc3a\xa2\xdb\xe7\xa7\x1bU\xab\xad\x9b\x8b[\'~\xb7\xf28\xaa\xf1rmS\xc2P\xa9ZkE6\xb9ak-n\xd5\xfc\xec\xd2\xb6\xd7\xde\xff\x00?\xe9\xbf\n\xb5\xddSl\xad\x00\xd3\xe28\xfd\xe5\xe3e\xc0?\xc4\x91 Wn:\x82W\xafq\x9a\xeft\xff\x00\x83~\x1f\xb3\x11\xc9\xac\xde\xcf~\xea2\xd0\xa1[{~\xdd\xa3\xdbr[\xd8\xcaG8\xc7c\xd8\xde\xf8\x94\xaf\xcb\x13\x01\x93\x82\x8a\x00\xc0\xe7\x82G_\xe6Oz\xe5\xaf&lt;C7yr9\xc8\xc9\xf4\xef\xeb\xf4\xe7\xaezq^\xbd,\xa7\x85\xb2\xebr\xe0\xd62\xacZ\xbb\xc4M\xce\x93k\x95\xb7\xec\x9d\xe2\xfa\xb5\xa6\x87\x0c\xb3. \xc6^?X\x9e\x1a\x94\xb6T\xa3f\xd7\xbbt\xdb\xd5;[T\xfa\xab\xe8\xectK\xe0\xef\x02"\x84]"\xc7\x08\x02\x8c\xc5\x93\x85\x18\x19-.\xe2p9\'\x92y&lt;\xd1\\\x1bk\xe7\'\xf7\x87\xa9\xec}~\xb4WG\xd7\xf2\xbe\x996_o\xfb\x07\x86\xda\x7f\xc1\xfe\x92\xbf7\xd53?\xfa\x0f\xc5\x7f\xe0\xd9\xf9y\xff\x00V\xf4&gt;t\xd4\x13F\x8e\x163\x00\xaf\x91\x80\xab\xbbv22px\x04q\xc7\x1c\x8eGZ\xcb\xba\xd54m&gt;\xc8Imk\x10(\x81\x98\xfd\xd6$c\'\x00\x92G~\xd8\xcdy\xa5\xd5\xec\xb7s\xba5\xca\xdb\xc4\t\xf3$f\xc6\x00\x19\xc0 \x92x\x19\xe0\x8c\xfe\x15\xcc_kV1\xbb\xd8\x8b\x95\x90\x027J\x08b\xc0\xee\xfb\xb8bI\xc89\x04g\x19\xc0\xaf\xe2\xbc_\x12\xc6J\xb4\xe9\xd3\xc3B\xed*Rp\x8a\xa8\xa6\x9com^\x97]:\xbbks\xfa_\x0b\x91\xb9*\\\xd3\xab;\xbb\xd4\x8aN\xcd.N\xbam\xbd\xaf\xe5w\xd3\xd3n~!\xa6\xd5Y@\x82\xd0&amp;\x0bF\x84;\xc9\xce2[\x1cch\xe4\xed\xe3\xd0\x8a\xe4\xe4\xf8\xc1q\xa5\xb4\xac!\x12\xc2$+\x11$\x16\xeb\x80YG\xa0\xe4\xf3\xd3\x93\xceMy\x0e\xa1\xe2H\x85\xea\xd9D\x19\xe2`U\xd9\xc7\xc8\xa0\xb3.H\x1c\x83\x80;\x03\xcf\\\xf4O\xb3\xd8\xdaC=\xe3\xce\x97i(;m\x15\x81*\xc1\x89\xdcA9\x1c\xf0F\xdc\x9f\xad|~\'\x89\xf3\xca\xb2\x97\xd5\xb1t\xe9\xca\x9bM\xca\xca.)Z\xfam\xa2\xf2\xbb\xb7MO\xa6\xa1\xc3\xf9t\x14\x1e#\x0c\xea9\xa5k\xf3r\xfd\x96\xa4\xd3\xb5\x9an\xda&gt;\xbd\x93;\xbdk\xe2\x9f\x88\xef\n\xce\xa5\x7f\xb3\xce\tX\xa3a\xbb\'\xe5\x00\x80r\x0e@\xcfL\xf7\xed\\\xd5\xdf\x8d\xbe\xd7\x13Mz\x92mdm\xa8]\xc3s\x95\x1dy\xe0\xe4s\x8er2k\x02O\x18\xd9=\x8aZ}\x99cm\xca\x15\x028\x18\r\xc8\x1f&amp;\x00^\x9c\x9e\xdc{\xf3K\xab;E:5\x88\x94\x96-\x13\xa2\x12\x07\xccO\'\x1d\x00\xc7^3\xda\xbe_\x15\x9b\xe3*\xd7\x94\xabf\xb5q&gt;\xd6-T\x8f$\xb9T\x97\'\xba\x94U\xb4m\xea\xad\xb7\x95\xcfw\x07\x96ah\xc1\xf2aaA\xc6IE\xebw\x17\xcbg\xae\xb6\xd3\xbd\xb7\xdc\xec,5\x9bfp\xb6\xd2\x18\x8b\r\xee\x1a\\\x15\x1d\xce\x1b\x91\xc60{\xe3\x8c\xd4\xc9p\x19\xa6a4\xf333\x10\xe0\x86\x19\xed\xcf\xf1\x12s\xd4\x1eFk\xce\xadt\xeb\x89.~\xd8\x8f\x1cO2\x95*\xef\x85\x8f9\x04\x1c\x1d\xa7\xafA\xd3\xea3^\xa1\xe0\xdf\t\xf8\x87T\xbf\xb6\xd3t;Yu\xbb\xfb\xb9\x02\xac0\xa6c\x89\x1c\x8d\xd2L\xe7\xe5\x86%$\x96va\xc7#$\xd76[G4\xcd1\x14\xb0\x18l\rlT\xeaU\x8ci&lt;&lt;[\xa8\xe57\x05\x14\xa9k7\xae\xb7\xb5\xaf\xd7vuc#\x81\xc0Qx\xb9\xd7\xa7F\x9c)\xb9\xd5\x95I\xaaq\xf7Rrr\xa96\xa3\xdf~\xbb\xab\x99\ty\xa8\xb2\xe2\xe7\xcc\xc0c\xe5\xab.]\x82\xfd\xdc*\xe4\x96\'\x00d\x1e\xc0v\xaf\xa2&gt;\x12\xfc\x1f\xf8\x81\xe3\xa6[\xbb\xbd-\xb4/\x0fI\xb4\xff\x00i\xeaq\x98ngRO\xcfck"\xac\x8c\xb8\x1bD\xae67U$u\xfa\x97\xe1\xe7\xc0}\x03\xc2\xb6\x96Z\xef\x8dR\xd7S\xf1\x02\xaa\xba\xdb\x94W\xb3\xb3\x90\x00R;h\xe4\x0cf\x94`)\x96V\x00\x02YFFk\xd9o5\xe7\x11\xb5\xbd\xa2\xad\xa5\xba(\x01#\xc0m\xa0`+0\xc0\x1d8#\x1e\xa0\x02+\xfa\xff\x00\xc3\xcf\xa3\x9dZ\x93\xc3f\xfce\x8b\xabJ\x97$*C)\xa3h\xd5\x94]\x9a\x8dz\x89I\xc6\xddc\x0bK}t?\x9c\xb8\xc7\xc6elF[\xc3xjm\xb98T\xc7\xd5\x8d\xec\xd3I\xba:\xa5-\x9b\x8c\xe5\xa3\xd1\xa4\xd3G%\xe1o\x86^\x05\xf0\x0c0\xba\xda\r_X@\xd9\xbe\xbe\xdbu0\x94\x8c\xe6\x14o\xdc@\x01\xe8\xc0F\xdf\xde\x90\xf0k\xa7\xbf\xd7\xae%P\x88\xff\x00g\x8c\x9d\xa1!\x1bF\x06v\xee\x7f\xbaT\xf3\x9e\x0ey\x1f^N\xf3S\x8e0\xc0\xc8Y\xba\xb0\xc8c\x9c\xf3\x82I g\xd7\x9e&gt;\x95\xcd\xcd\xab\x87l+\xa9\xeaB\xaey\xef\xd7\xb7p8=\x14s\xc5\x7fU\xe5\xb9NO\x90\xe1\xe9a\xb2\x8c\x0e\x17\x07F\x9cb\x94i\xd2\\\xd3\xb2\x8aNs~\xfc\xe4\xd2W\x94\xdb|\xd7wN\xc8\xfc\x07\x1f\x98c\xb3J\xd2\xc4c\xb1X\x8cMY&gt;g*\x95\'+k{(\xb7\xcb\x18\xae\x89$\x91\xd5M\x7f\x1a\xe4\xb3\xaa\xe4\x9fvf\x07\x92O\x18\x07\xeb\xea\x078\x15\x93&gt;\xb4\x89\x91\x1e\xd0pFX\x13\xcf\xa8=\x88\xea;\x8e\x87\x9c\x8a\xe5\xae/\x19\x8e\xec\x93\xbb&lt;\x12F;\xf0\x0fQ\xe9\xc7\xaf5FI\x9b\x93\x9e\xbd\xb2:\xe7\x1e\xe3\xa7\xe8k\xd0\x96*rVn\xca\xfa\xab\xda=6V\xb2\xdbu\xd7]\xf7\xe3\xe8\x95\xe5k\xa6\xec\xf7K\xba\xeao\xcf\xaa&lt;\xa4\xab\xbb\x92OE%FO\xae;q\xf4=*\xb8\xb8\'\xa1\xc0\x1c\xf3\xcf\xeb\xf9Vr0d\r\xc6q\x9f\x7f@s\xed\xe9\xceG\x15\x1c\x97"&lt;\x02\xe3\x04q\xdf\x9cg\xa0\x00u\xeb\xeb\x8c\xfdpu9\xafy/-}&lt;\xff\x00;\xf9X\x1e\xf6I\xeb\xb7\xdd\xd7\xd7\xfe\x18\xb5=\xca\xb8!\xc8\xc9\xc8#\x1b\xb9\xc6\x061\xd7=q\x9e{U\x1f=\x14\x90\xab\xbb\xae2\xa4t\xc9\xc0\xe0\xf5\xf6\xcfNG\x15R\xe2p\xc0\x05\xe1\x87\xf1d\xe1\xbdx\x18\x00\x0e:w\xe8\x0fz\xadpB\x90@\r\x83\xcepx\xcf\xe0=\xbf\xc75\x9c\xa7e\xa3\xbd\xfc\xefkm\xa6\xdd]\x8d#Jr^\xec]\xd6\xf7\xd3\xe6\xbeZ\xec\xbf\xca\xf9\xbb\x01\x8f\x03\'\x82\x07\xd4\x9f\xafs\x93\xcf\x1e\xd9\xaa\xcfx\xc7&lt;\xed\xe3\x03\xd4\x8e\xf8\x1fLd}\x00=\xea\x98\x9b\x80I\xeb\xe9\xc1\xc6x\x07\xb1\xfcG~\x95\x03:\xb9$\x12\x00\xc6\t\xe3\xdb\xa7\x18\xe8:\x8c\x1e\xbc\xf4\xac\xdc\xed\xf6\x9f\xe7\xae\x9fz\xdb\xe4\xfe\xfbt&amp;\x95\xff\x00G\xe5\xe5\xfd}\xf6\xb2\xf3\x12\x06I\xe4g\x03\xfd\xef\xa8\xc7\xd3\xf0?/5\x11v\xe9\x93\xeaA\x1d\xff\x00^\x00\xe8O8\xcdV;]\x97$\x80\x99#\x07\x1dq\xdb\xb7N3\xe9I\xe6(\xf9\xb7\x16`\x0f\xdd\xf4\xc7q\x80q\xef\xd3&gt;\xeb\\\xf51\x14\xe3\xbbI\xbb{\xd2\x92Q{Z\xd7\xb7t\x9b\xef\xdc\x85Jm\xdb\xe6\xd5\x9bi|\xbc\xff\x002\xc6\xecn\xeb\xces\xff\x00\xd7\xfed\x01\xd4\n\xa9$\x80\x8e1\x91\x9eI\x1dr\x06?\x03\xd0\xe3\xb7=\xb3\x19\xb9\'n\xc4rIa\xb4\x03\x9c\x02G&lt;`t\xe3\xf9\xe4\xd6}\xcd\xe4Q8\xf3\x1a\x14c\x9f\x91\xa6@\xd8\xc7]\xb9\'\x8c\xf5\xeb\x9fz\xe3\xab\x9b`\xf0\xf6\xf6\xd8\x8aQm\xa5nu\x1b\'n\xad\xb4\xf4{\xaf\xb8\xd6\x18LEGjt\xa7=\xd7\xba\x9e\x9a\xad^\x97[\xf4\xef\xd6\xc5\xd1tW\x86\xc9\x18\xfb\xc3\xb9?\xae88\xf4\xe0\xf5\xa8\x9ae\xe4rG,3\xc6F9?\xa0=s\xd3\x91\xc8\xac\xcf=\xa5`#B\xeb\xd02\x10O\xd0c&lt;\x9cc\x9fNM!\x17\'#\xc9p=K/\xae:g\x8e}j\xd6o\x83\xe5\xe7x\x8a|\xbb\xb7\xcf\x1d\xb4\xf5OG\xdf]\xfa\xa1&lt;'... (set the log level to DEBUG or TRACE to see the full content) 
 </msg>
<msg timestamp="20200725 15:51:02.502" level="INFO">POST Response : url=http://ninjachef-api-qaninja-io.umbler.net/products 
 status=200, reason=OK 
 body={"_id":"5f1c7cfc42f1f60016038c4f","user":"5f1b7c7942f1f60016038c10","thumbnail":"thumbnail-1595702524157","name":"Sopa","plate":"Tipo","price":10.5,"__v":0,"thumbnail_url":"http://ninjachef-api-qaninja-io.umbler.net/files/thumbnail-1595702524157","id":"5f1c7cfc42f1f60016038c4f"} 
 </msg>
<msg timestamp="20200725 15:51:02.503" level="INFO">${resp} = &lt;Response [200]&gt;</msg>
<status status="PASS" starttime="20200725 15:51:01.476" endtime="20200725 15:51:02.503"></status>
</kw>
<kw name="Status Should Be" library="RequestsLibrary">
<doc>Fails if response status code is different than the expected.</doc>
<arguments>
<arg>200</arg>
<arg>${resp}</arg>
</arguments>
<status status="PASS" starttime="20200725 15:51:02.503" endtime="20200725 15:51:02.504"></status>
</kw>
<kw name="Convert To String" library="BuiltIn">
<doc>Converts the given item to a Unicode string.</doc>
<arguments>
<arg>${resp.json()['_id']}</arg>
</arguments>
<assign>
<var>${produto_id}</var>
</assign>
<msg timestamp="20200725 15:51:02.505" level="INFO">${produto_id} = 5f1c7cfc42f1f60016038c4f</msg>
<status status="PASS" starttime="20200725 15:51:02.504" endtime="20200725 15:51:02.505"></status>
</kw>
<kw name="Set Test Variable" library="BuiltIn">
<doc>Makes a variable available everywhere within the scope of the current test.</doc>
<arguments>
<arg>${produto_id}</arg>
</arguments>
<msg timestamp="20200725 15:51:02.506" level="INFO">${produto_id} = 5f1c7cfc42f1f60016038c4f</msg>
<status status="PASS" starttime="20200725 15:51:02.506" endtime="20200725 15:51:02.507"></status>
</kw>
<kw name="Go To" library="SeleniumLibrary">
<doc>Navigates the current browser window to the provided ``url``.</doc>
<arguments>
<arg>${base_url}</arg>
</arguments>
<msg timestamp="20200725 15:51:02.507" level="INFO">Opening url 'http://ninjachef-qaninja-io.umbler.net/'</msg>
<status status="PASS" starttime="20200725 15:51:02.507" endtime="20200725 15:51:04.828"></status>
</kw>
<kw name="Input Text" library="SeleniumLibrary">
<doc>Types the given ``text`` into the text field identified by ``locator``.</doc>
<arguments>
<arg>${CAMPO_EMAIL}</arg>
<arg>${email_cozinheiro}</arg>
</arguments>
<msg timestamp="20200725 15:51:04.829" level="INFO">Typing text 'fulano@bol.com.br' into text field 'id:email'.</msg>
<status status="PASS" starttime="20200725 15:51:04.829" endtime="20200725 15:51:05.059"></status>
</kw>
<kw name="Click Element" library="SeleniumLibrary">
<doc>Click the element identified by ``locator``.</doc>
<arguments>
<arg>${BOTAO_ENTRAR}</arg>
</arguments>
<msg timestamp="20200725 15:51:05.059" level="INFO">Clicking element 'css:button[type=submit]'.</msg>
<status status="PASS" starttime="20200725 15:51:05.059" endtime="20200725 15:51:05.126"></status>
</kw>
<kw name="Wait Until Page Contains Element" library="SeleniumLibrary">
<doc>Waits until the element ``locator`` appears on the current page.</doc>
<arguments>
<arg>${DIV_DASH}</arg>
</arguments>
<status status="PASS" starttime="20200725 15:51:05.126" endtime="20200725 15:51:05.899"></status>
</kw>
<status status="PASS" starttime="20200725 15:51:01.340" endtime="20200725 15:51:05.899"></status>
</kw>
<kw name="Quando o cliente solicita o preparo desse prato" library="kws">
<kw name="Create Dictionary" library="BuiltIn">
<doc>Creates and returns a dictionary based on the given ``items``.</doc>
<arguments>
<arg>Content-Type=application/json</arg>
<arg>user_id=${token_cliente}</arg>
</arguments>
<assign>
<var>&amp;{headers}</var>
</assign>
<msg timestamp="20200725 15:51:05.903" level="INFO">&amp;{headers} = { Content-Type=application/json | user_id=5f1b7e4242f1f60016038c12 }</msg>
<status status="PASS" starttime="20200725 15:51:05.902" endtime="20200725 15:51:05.903"></status>
</kw>
<kw name="Create Dictionary" library="BuiltIn">
<doc>Creates and returns a dictionary based on the given ``items``.</doc>
<arguments>
<arg>payment=Dinheiro</arg>
</arguments>
<assign>
<var>&amp;{payload}</var>
</assign>
<msg timestamp="20200725 15:51:05.905" level="INFO">&amp;{payload} = { payment=Dinheiro }</msg>
<status status="PASS" starttime="20200725 15:51:05.904" endtime="20200725 15:51:05.905"></status>
</kw>
<kw name="Create Session" library="RequestsLibrary">
<doc>Create Session: create a HTTP session to a server</doc>
<arguments>
<arg>api</arg>
<arg>${base_url_api}</arg>
</arguments>
<msg timestamp="20200725 15:51:05.906" level="INFO">Creating Session using : alias=api, url=http://ninjachef-api-qaninja-io.umbler.net, headers={},                     cookies={}, auth=None, timeout=None, proxies=None, verify=False,                     debug=0 </msg>
<status status="PASS" starttime="20200725 15:51:05.905" endtime="20200725 15:51:05.907"></status>
</kw>
<kw name="Post Request" library="RequestsLibrary">
<doc>Send a POST request on the session object found using the
given `alias`</doc>
<arguments>
<arg>api</arg>
<arg>/products/${produto_id}/orders</arg>
<arg>data=${payload}</arg>
<arg>headers=${headers}</arg>
</arguments>
<assign>
<var>${resp}</var>
</assign>
<msg timestamp="20200725 15:51:06.732" level="INFO">POST Request : url=http://ninjachef-api-qaninja-io.umbler.net/products/5f1c7cfc42f1f60016038c4f/orders 
 path_url=/products/5f1c7cfc42f1f60016038c4f/orders 
 headers={'User-Agent': 'python-requests/2.24.0', 'Accept-Encoding': 'gzip, deflate', 'Accept': '*/*', 'Connection': 'keep-alive', 'Content-Type': 'application/json', 'user_id': '5f1b7e4242f1f60016038c12', 'Content-Length': '23'} 
 body={"payment": "Dinheiro"} 
 </msg>
<msg timestamp="20200725 15:51:06.733" level="INFO">POST Response : url=http://ninjachef-api-qaninja-io.umbler.net/products/5f1c7cfc42f1f60016038c4f/orders 
 status=200, reason=OK 
 body={"_id":"5f1c7d0042f1f60016038c50","user":{"_id":"5f1b7e4242f1f60016038c12","email":"esfomeado@bol.com.br","__v":0},"product":{"_id":"5f1c7cfc42f1f60016038c4f","user":"5f1b7c7942f1f60016038c10","thumbnail":"thumbnail-1595702524157","name":"Sopa","plate":"Tipo","price":10.5,"__v":0,"thumbnail_url":"http://ninjachef-api-qaninja-io.umbler.net/files/thumbnail-1595702524157","id":"5f1c7cfc42f1f60016038c4f"},"payment":"Dinheiro","__v":0} 
 </msg>
<msg timestamp="20200725 15:51:06.734" level="INFO">${resp} = &lt;Response [200]&gt;</msg>
<status status="PASS" starttime="20200725 15:51:05.907" endtime="20200725 15:51:06.734"></status>
</kw>
<kw name="Status Should Be" library="RequestsLibrary">
<doc>Fails if response status code is different than the expected.</doc>
<arguments>
<arg>200</arg>
<arg>${resp}</arg>
</arguments>
<status status="PASS" starttime="20200725 15:51:06.735" endtime="20200725 15:51:06.737"></status>
</kw>
<status status="PASS" starttime="20200725 15:51:05.900" endtime="20200725 15:51:06.738"></status>
</kw>
<kw name="Entao devo receber uma notificacao de pedido" library="kws">
<kw name="Convert To String" library="BuiltIn">
<doc>Converts the given item to a Unicode string.</doc>
<arguments>
<arg>${email_cliente} está solicitando o preparo do seguinte prato: ${produto}</arg>
</arguments>
<assign>
<var>${mensagem_esperada}</var>
</assign>
<msg timestamp="20200725 15:51:06.745" level="INFO">${mensagem_esperada} = esfomeado@bol.com.br está solicitando o preparo do seguinte prato: Sopa</msg>
<status status="PASS" starttime="20200725 15:51:06.743" endtime="20200725 15:51:06.746"></status>
</kw>
<kw name="Wait Until Page Contains" library="SeleniumLibrary">
<doc>Waits until ``text`` appears on the current page.</doc>
<arguments>
<arg>${mensagem_esperada}</arg>
<arg>5</arg>
</arguments>
<status status="PASS" starttime="20200725 15:51:06.747" endtime="20200725 15:51:06.798"></status>
</kw>
<status status="PASS" starttime="20200725 15:51:06.740" endtime="20200725 15:51:06.798"></status>
</kw>
<kw name="E posso aceitar ou rejeitar esse pedido" library="kws">
<kw name="Wait Until Page Contains" library="SeleniumLibrary">
<doc>Waits until ``text`` appears on the current page.</doc>
<arguments>
<arg>ACEITAR</arg>
<arg>5</arg>
</arguments>
<status status="PASS" starttime="20200725 15:51:06.803" endtime="20200725 15:51:06.830"></status>
</kw>
<kw name="Wait Until Page Contains" library="SeleniumLibrary">
<doc>Waits until ``text`` appears on the current page.</doc>
<arguments>
<arg>REJEITAR</arg>
<arg>5</arg>
</arguments>
<status status="PASS" starttime="20200725 15:51:06.831" endtime="20200725 15:51:06.859"></status>
</kw>
<status status="PASS" starttime="20200725 15:51:06.800" endtime="20200725 15:51:06.859"></status>
</kw>
<kw name="Close Session" library="base" type="teardown">
<kw name="Capture Page Screenshot" library="SeleniumLibrary">
<doc>Takes a screenshot of the current page and embeds it into a log file.</doc>
<msg timestamp="20200725 15:51:07.326" level="INFO" html="yes">&lt;/td&gt;&lt;/tr&gt;&lt;tr&gt;&lt;td colspan="3"&gt;&lt;a href="selenium-screenshot-6.png"&gt;&lt;img src="selenium-screenshot-6.png" width="800px"&gt;&lt;/a&gt;</msg>
<status status="PASS" starttime="20200725 15:51:06.860" endtime="20200725 15:51:07.326"></status>
</kw>
<kw name="Close Browser" library="SeleniumLibrary">
<doc>Closes the current browser.</doc>
<status status="PASS" starttime="20200725 15:51:07.326" endtime="20200725 15:51:09.618"></status>
</kw>
<status status="PASS" starttime="20200725 15:51:06.860" endtime="20200725 15:51:09.619"></status>
</kw>
<status status="PASS" starttime="20200725 15:50:46.557" endtime="20200725 15:51:09.620" critical="yes"></status>
</test>
<doc>receber pedidos
Sendo um cozinheiro qe já possui um dashboard com pratos
Quero receber solicitação de preparo dos meus pratos
para que eu possa enviar aos meus clientes</doc>
<status status="PASS" starttime="20200725 15:50:41.855" endtime="20200725 15:51:09.624"></status>
</suite>
<statistics>
<total>
<stat pass="1" fail="0">Critical Tests</stat>
<stat pass="1" fail="0">All Tests</stat>
</total>
<tag>
</tag>
<suite>
<stat pass="1" fail="0" id="s1" name="Receber-Pedido">Receber-Pedido</stat>
</suite>
</statistics>
<errors>
</errors>
</robot>
